25-02-05.11:21:06.564 [main            ] INFO  TradeTest              - Starting TradeTest using Java 1.8.0_371 on LAPTOP-T7SUU4QG with PID 26516 (started by 杨晓灿 in E:\java_project\GroupBuyMarket\GroupBuyMarket-app)
25-02-05.11:21:06.565 [main            ] INFO  TradeTest              - The following 1 profile is active: "dev"
25-02-05.11:21:06.574 [background-preinit] INFO  Version                - HV000001: Hibernate Validator 6.2.5.Final
25-02-05.11:21:07.394 [main            ] INFO  RepositoryConfigurationDelegate - Multiple Spring Data modules found, entering strict repository configuration mode
25-02-05.11:21:07.396 [main            ] INFO  RepositoryConfigurationDelegate - Bootstrapping Spring Data Redis repositories in DEFAULT mode.
25-02-05.11:21:07.425 [main            ] INFO  RepositoryConfigurationDelegate - Finished Spring Data repository scanning in 16 ms. Found 0 Redis repository interfaces.
25-02-05.11:21:08.042 [main            ] INFO  PostProcessorRegistrationDelegate$BeanPostProcessorChecker - Bean 'redisClientConfig' of type [cn.ant0n.gbm.config.RedisClientConfig$$EnhancerBySpringCGLIB$$efcbad47] is not eligible for getting processed by all BeanPostProcessors (for example: not eligible for auto-proxying)
25-02-05.11:21:08.059 [main            ] INFO  PostProcessorRegistrationDelegate$BeanPostProcessorChecker - Bean 'redis.sdk.config-cn.ant0n.gbm.config.RedisClientConfigProperties' of type [cn.ant0n.gbm.config.RedisClientConfigProperties] is not eligible for getting processed by all BeanPostProcessors (for example: not eligible for auto-proxying)
25-02-05.11:21:08.466 [main            ] INFO  Version                - Redisson 3.23.4
25-02-05.11:21:08.912 [redisson-netty-2-6] INFO  MasterPubSubConnectionPool - 1 connections initialized for 117.72.40.102/117.72.40.102:6379
25-02-05.11:21:09.208 [redisson-netty-2-13] INFO  MasterConnectionPool   - 5 connections initialized for 117.72.40.102/117.72.40.102:6379
25-02-05.11:21:09.257 [main            ] INFO  PostProcessorRegistrationDelegate$BeanPostProcessorChecker - Bean 'redissonClient' of type [org.redisson.Redisson] is not eligible for getting processed by all BeanPostProcessors (for example: not eligible for auto-proxying)
25-02-05.11:21:12.605 [main            ] INFO  EndpointLinksResolver  - Exposing 1 endpoint(s) beneath base path '/actuator'
25-02-05.11:21:13.409 [main            ] INFO  DefaultRocketMQListenerContainer - running container: DefaultRocketMQListenerContainer{consumerGroup='group-buy-consumer-group', nameServer='117.72.40.102:9876', topic='GroupBuyMarketSuccessTopic', consumeMode=CONCURRENTLY, selectorType=TAG, selectorExpression='*', messageModel=CLUSTERING}
25-02-05.11:21:13.409 [main            ] INFO  ListenerContainerConfiguration - Register the listener to container, listenerBeanName:groupBuyMarketSuccessListener, containerBeanName:org.apache.rocketmq.spring.support.DefaultRocketMQListenerContainer_1
25-02-05.11:21:13.430 [main            ] INFO  TradeTest              - Started TradeTest in 7.237 seconds (JVM running for 8.487)
25-02-05.11:21:17.569 [main            ] INFO  HikariDataSource       - HikariPool-1 - Starting...
25-02-05.11:21:20.479 [main            ] INFO  HikariDataSource       - HikariPool-1 - Start completed.
25-02-05.11:21:57.516 [NettyClientSelector_1] INFO  RocketmqRemoting       - closeChannel: close the connection to remote address[117.72.40.102:9876] result: true
25-02-05.11:21:57.562 [SpringApplicationShutdownHook] INFO  DefaultRocketMQListenerContainer - container destroyed, DefaultRocketMQListenerContainer{consumerGroup='group-buy-consumer-group', nameServer='117.72.40.102:9876', topic='GroupBuyMarketSuccessTopic', consumeMode=CONCURRENTLY, selectorType=TAG, selectorExpression='*', messageModel=CLUSTERING}
25-02-05.11:21:57.641 [NettyClientSelector_1] INFO  RocketmqRemoting       - closeChannel: close the connection to remote address[117.72.40.102:10911] result: true
25-02-05.11:21:57.642 [NettyClientSelector_1] INFO  RocketmqRemoting       - closeChannel: close the connection to remote address[117.72.40.102:9876] result: true
25-02-05.11:22:16.479 [main            ] INFO  TradeTest              - Starting TradeTest using Java 1.8.0_371 on LAPTOP-T7SUU4QG with PID 5548 (started by 杨晓灿 in E:\java_project\GroupBuyMarket\GroupBuyMarket-app)
25-02-05.11:22:16.480 [main            ] INFO  TradeTest              - The following 1 profile is active: "dev"
25-02-05.11:22:16.487 [background-preinit] INFO  Version                - HV000001: Hibernate Validator 6.2.5.Final
25-02-05.11:22:17.169 [main            ] INFO  RepositoryConfigurationDelegate - Multiple Spring Data modules found, entering strict repository configuration mode
25-02-05.11:22:17.172 [main            ] INFO  RepositoryConfigurationDelegate - Bootstrapping Spring Data Redis repositories in DEFAULT mode.
25-02-05.11:22:17.198 [main            ] INFO  RepositoryConfigurationDelegate - Finished Spring Data repository scanning in 16 ms. Found 0 Redis repository interfaces.
25-02-05.11:22:17.660 [main            ] INFO  PostProcessorRegistrationDelegate$BeanPostProcessorChecker - Bean 'redisClientConfig' of type [cn.ant0n.gbm.config.RedisClientConfig$$EnhancerBySpringCGLIB$$31d56013] is not eligible for getting processed by all BeanPostProcessors (for example: not eligible for auto-proxying)
25-02-05.11:22:17.677 [main            ] INFO  PostProcessorRegistrationDelegate$BeanPostProcessorChecker - Bean 'redis.sdk.config-cn.ant0n.gbm.config.RedisClientConfigProperties' of type [cn.ant0n.gbm.config.RedisClientConfigProperties] is not eligible for getting processed by all BeanPostProcessors (for example: not eligible for auto-proxying)
25-02-05.11:22:18.044 [main            ] INFO  Version                - Redisson 3.23.4
25-02-05.11:22:18.444 [redisson-netty-2-6] INFO  MasterPubSubConnectionPool - 1 connections initialized for 117.72.40.102/117.72.40.102:6379
25-02-05.11:22:18.730 [redisson-netty-2-13] INFO  MasterConnectionPool   - 5 connections initialized for 117.72.40.102/117.72.40.102:6379
25-02-05.11:22:18.758 [main            ] INFO  PostProcessorRegistrationDelegate$BeanPostProcessorChecker - Bean 'redissonClient' of type [org.redisson.Redisson] is not eligible for getting processed by all BeanPostProcessors (for example: not eligible for auto-proxying)
25-02-05.11:22:21.815 [main            ] INFO  EndpointLinksResolver  - Exposing 1 endpoint(s) beneath base path '/actuator'
25-02-05.11:22:22.604 [main            ] INFO  DefaultRocketMQListenerContainer - running container: DefaultRocketMQListenerContainer{consumerGroup='group-buy-consumer-group', nameServer='117.72.40.102:9876', topic='GroupBuyMarketSuccessTopic', consumeMode=CONCURRENTLY, selectorType=TAG, selectorExpression='*', messageModel=CLUSTERING}
25-02-05.11:22:22.604 [main            ] INFO  ListenerContainerConfiguration - Register the listener to container, listenerBeanName:groupBuyMarketSuccessListener, containerBeanName:org.apache.rocketmq.spring.support.DefaultRocketMQListenerContainer_1
25-02-05.11:22:22.623 [main            ] INFO  TradeTest              - Started TradeTest in 6.456 seconds (JVM running for 7.189)
25-02-05.11:23:09.079 [main            ] INFO  HikariDataSource       - HikariPool-1 - Starting...
25-02-05.11:23:11.791 [main            ] INFO  HikariDataSource       - HikariPool-1 - Start completed.
25-02-05.11:23:13.869 [NettyClientSelector_1] INFO  RocketmqRemoting       - closeChannel: close the connection to remote address[117.72.40.102:9876] result: true
25-02-05.11:23:13.870 [NettyClientSelector_1] INFO  RocketmqRemoting       - closeChannel: close the connection to remote address[117.72.40.102:10911] result: true
25-02-05.11:23:13.912 [SpringApplicationShutdownHook] INFO  DefaultRocketMQListenerContainer - container destroyed, DefaultRocketMQListenerContainer{consumerGroup='group-buy-consumer-group', nameServer='117.72.40.102:9876', topic='GroupBuyMarketSuccessTopic', consumeMode=CONCURRENTLY, selectorType=TAG, selectorExpression='*', messageModel=CLUSTERING}
25-02-05.11:24:51.494 [main            ] INFO  TradeTest              - Starting TradeTest using Java 1.8.0_371 on LAPTOP-T7SUU4QG with PID 1708 (started by 杨晓灿 in E:\java_project\GroupBuyMarket\GroupBuyMarket-app)
25-02-05.11:24:51.495 [main            ] INFO  TradeTest              - The following 1 profile is active: "dev"
25-02-05.11:24:51.502 [background-preinit] INFO  Version                - HV000001: Hibernate Validator 6.2.5.Final
25-02-05.11:24:52.246 [main            ] INFO  RepositoryConfigurationDelegate - Multiple Spring Data modules found, entering strict repository configuration mode
25-02-05.11:24:52.249 [main            ] INFO  RepositoryConfigurationDelegate - Bootstrapping Spring Data Redis repositories in DEFAULT mode.
25-02-05.11:24:52.275 [main            ] INFO  RepositoryConfigurationDelegate - Finished Spring Data repository scanning in 17 ms. Found 0 Redis repository interfaces.
25-02-05.11:24:52.793 [main            ] INFO  PostProcessorRegistrationDelegate$BeanPostProcessorChecker - Bean 'redisClientConfig' of type [cn.ant0n.gbm.config.RedisClientConfig$$EnhancerBySpringCGLIB$$54259048] is not eligible for getting processed by all BeanPostProcessors (for example: not eligible for auto-proxying)
25-02-05.11:24:52.811 [main            ] INFO  PostProcessorRegistrationDelegate$BeanPostProcessorChecker - Bean 'redis.sdk.config-cn.ant0n.gbm.config.RedisClientConfigProperties' of type [cn.ant0n.gbm.config.RedisClientConfigProperties] is not eligible for getting processed by all BeanPostProcessors (for example: not eligible for auto-proxying)
25-02-05.11:24:53.184 [main            ] INFO  Version                - Redisson 3.23.4
25-02-05.11:24:53.603 [redisson-netty-2-6] INFO  MasterPubSubConnectionPool - 1 connections initialized for 117.72.40.102/117.72.40.102:6379
25-02-05.11:24:53.887 [redisson-netty-2-13] INFO  MasterConnectionPool   - 5 connections initialized for 117.72.40.102/117.72.40.102:6379
25-02-05.11:24:53.915 [main            ] INFO  PostProcessorRegistrationDelegate$BeanPostProcessorChecker - Bean 'redissonClient' of type [org.redisson.Redisson] is not eligible for getting processed by all BeanPostProcessors (for example: not eligible for auto-proxying)
25-02-05.11:24:56.957 [main            ] INFO  EndpointLinksResolver  - Exposing 1 endpoint(s) beneath base path '/actuator'
25-02-05.11:24:57.868 [main            ] INFO  DefaultRocketMQListenerContainer - running container: DefaultRocketMQListenerContainer{consumerGroup='group-buy-consumer-group', nameServer='117.72.40.102:9876', topic='GroupBuyMarketSuccessTopic', consumeMode=CONCURRENTLY, selectorType=TAG, selectorExpression='*', messageModel=CLUSTERING}
25-02-05.11:24:57.868 [main            ] INFO  ListenerContainerConfiguration - Register the listener to container, listenerBeanName:groupBuyMarketSuccessListener, containerBeanName:org.apache.rocketmq.spring.support.DefaultRocketMQListenerContainer_1
25-02-05.11:24:57.887 [main            ] INFO  TradeTest              - Started TradeTest in 6.719 seconds (JVM running for 7.51)
25-02-05.11:25:02.136 [main            ] INFO  HikariDataSource       - HikariPool-1 - Starting...
25-02-05.11:25:04.844 [main            ] INFO  HikariDataSource       - HikariPool-1 - Start completed.
25-02-05.11:25:26.623 [NettyClientSelector_1] INFO  RocketmqRemoting       - closeChannel: close the connection to remote address[117.72.40.102:9876] result: true
25-02-05.11:25:26.625 [NettyClientSelector_1] INFO  RocketmqRemoting       - closeChannel: close the connection to remote address[117.72.40.102:10911] result: true
25-02-05.11:25:26.667 [SpringApplicationShutdownHook] INFO  DefaultRocketMQListenerContainer - container destroyed, DefaultRocketMQListenerContainer{consumerGroup='group-buy-consumer-group', nameServer='117.72.40.102:9876', topic='GroupBuyMarketSuccessTopic', consumeMode=CONCURRENTLY, selectorType=TAG, selectorExpression='*', messageModel=CLUSTERING}
25-02-05.11:25:26.747 [NettyClientSelector_1] INFO  RocketmqRemoting       - closeChannel: close the connection to remote address[117.72.40.102:9876] result: true
25-02-05.11:25:26.748 [NettyClientSelector_1] INFO  RocketmqRemoting       - closeChannel: close the connection to remote address[117.72.40.102:10911] result: true
25-02-05.11:25:26.846 [NettyClientSelector_1] INFO  RocketmqRemoting       - closeChannel: close the connection to remote address[117.72.40.102:9876] result: true
25-02-05.11:25:26.846 [NettyClientSelector_1] INFO  RocketmqRemoting       - closeChannel: close the connection to remote address[117.72.40.102:10911] result: true
25-02-05.11:25:26.848 [SpringApplicationShutdownHook] INFO  HikariDataSource       - HikariPool-1 - Shutdown initiated...
25-02-05.11:25:26.857 [SpringApplicationShutdownHook] INFO  HikariDataSource       - HikariPool-1 - Shutdown completed.
25-02-05.12:30:01.132 [main            ] INFO  TradeTest              - Starting TradeTest using Java 1.8.0_371 on LAPTOP-T7SUU4QG with PID 23560 (started by 杨晓灿 in E:\java_project\GroupBuyMarket\GroupBuyMarket-app)
25-02-05.12:30:01.133 [main            ] INFO  TradeTest              - The following 1 profile is active: "dev"
25-02-05.12:30:01.140 [background-preinit] INFO  Version                - HV000001: Hibernate Validator 6.2.5.Final
25-02-05.12:30:01.830 [main            ] INFO  RepositoryConfigurationDelegate - Multiple Spring Data modules found, entering strict repository configuration mode
25-02-05.12:30:01.832 [main            ] INFO  RepositoryConfigurationDelegate - Bootstrapping Spring Data Redis repositories in DEFAULT mode.
25-02-05.12:30:01.859 [main            ] INFO  RepositoryConfigurationDelegate - Finished Spring Data repository scanning in 17 ms. Found 0 Redis repository interfaces.
25-02-05.12:30:02.429 [main            ] INFO  PostProcessorRegistrationDelegate$BeanPostProcessorChecker - Bean 'redisClientConfig' of type [cn.ant0n.gbm.config.RedisClientConfig$$EnhancerBySpringCGLIB$$bbbee341] is not eligible for getting processed by all BeanPostProcessors (for example: not eligible for auto-proxying)
25-02-05.12:30:02.447 [main            ] INFO  PostProcessorRegistrationDelegate$BeanPostProcessorChecker - Bean 'redis.sdk.config-cn.ant0n.gbm.config.RedisClientConfigProperties' of type [cn.ant0n.gbm.config.RedisClientConfigProperties] is not eligible for getting processed by all BeanPostProcessors (for example: not eligible for auto-proxying)
25-02-05.12:30:02.816 [main            ] INFO  Version                - Redisson 3.23.4
25-02-05.12:30:03.253 [redisson-netty-2-6] INFO  MasterPubSubConnectionPool - 1 connections initialized for 117.72.40.102/117.72.40.102:6379
25-02-05.12:30:03.600 [redisson-netty-2-13] INFO  MasterConnectionPool   - 5 connections initialized for 117.72.40.102/117.72.40.102:6379
25-02-05.12:30:03.628 [main            ] INFO  PostProcessorRegistrationDelegate$BeanPostProcessorChecker - Bean 'redissonClient' of type [org.redisson.Redisson] is not eligible for getting processed by all BeanPostProcessors (for example: not eligible for auto-proxying)
25-02-05.12:30:06.571 [main            ] INFO  EndpointLinksResolver  - Exposing 1 endpoint(s) beneath base path '/actuator'
25-02-05.12:30:07.464 [main            ] INFO  DefaultRocketMQListenerContainer - running container: DefaultRocketMQListenerContainer{consumerGroup='group-buy-consumer-group', nameServer='117.72.40.102:9876', topic='GroupBuyMarketSuccessTopic', consumeMode=CONCURRENTLY, selectorType=TAG, selectorExpression='*', messageModel=CLUSTERING}
25-02-05.12:30:07.465 [main            ] INFO  ListenerContainerConfiguration - Register the listener to container, listenerBeanName:groupBuyMarketSuccessListener, containerBeanName:org.apache.rocketmq.spring.support.DefaultRocketMQListenerContainer_1
25-02-05.12:30:07.482 [main            ] INFO  TradeTest              - Started TradeTest in 6.666 seconds (JVM running for 7.437)
25-02-05.12:30:07.760 [main            ] INFO  HikariDataSource       - HikariPool-1 - Starting...
25-02-05.12:30:08.158 [main            ] INFO  HikariDataSource       - HikariPool-1 - Start completed.
25-02-05.12:30:08.242 [main            ] INFO  TradeTest              - 结果为:{}
25-02-05.12:30:08.386 [main            ] INFO  TradeSettlementOrderService - 拼团交易-支付结算, userId:yangxiaocan1, outTradeNo:15
25-02-05.12:31:14.038 [HikariPool-1 housekeeper] WARN  HikariPool             - HikariPool-1 - Thread starvation or clock leap detected (housekeeper delta=1m5s766ms359µs200ns).
25-02-05.12:31:18.466 [main            ] WARN  TradeRepository        - 拼团交易-订单结算异常
java.lang.NullPointerException: null
	at cn.ant0n.gbm.infrastructure.adapter.repository.TradeRepository.lambda$settlementMarketOrder$2(TradeRepository.java:237)
	at org.springframework.transaction.support.TransactionTemplate.execute(TransactionTemplate.java:140)
	at cn.ant0n.gbm.infrastructure.adapter.repository.TradeRepository.settlementMarketOrder(TradeRepository.java:225)
	at cn.ant0n.gbm.infrastructure.adapter.repository.TradeRepository$$FastClassBySpringCGLIB$$4c230d6c.invoke(<generated>)
	at org.springframework.cglib.proxy.MethodProxy.invoke(MethodProxy.java:218)
	at org.springframework.aop.framework.CglibAopProxy$CglibMethodInvocation.invokeJoinpoint(CglibAopProxy.java:793)
	at org.springframework.aop.framework.ReflectiveMethodInvocation.proceed(ReflectiveMethodInvocation.java:163)
	at org.springframework.aop.framework.CglibAopProxy$CglibMethodInvocation.proceed(CglibAopProxy.java:763)
	at org.springframework.dao.support.PersistenceExceptionTranslationInterceptor.invoke(PersistenceExceptionTranslationInterceptor.java:137)
	at org.springframework.aop.framework.ReflectiveMethodInvocation.proceed(ReflectiveMethodInvocation.java:186)
	at org.springframework.aop.framework.CglibAopProxy$CglibMethodInvocation.proceed(CglibAopProxy.java:763)
	at org.springframework.aop.framework.CglibAopProxy$DynamicAdvisedInterceptor.intercept(CglibAopProxy.java:708)
	at cn.ant0n.gbm.infrastructure.adapter.repository.TradeRepository$$EnhancerBySpringCGLIB$$182dfd2a.settlementMarketOrder(<generated>)
	at cn.ant0n.gbm.domain.trade.service.settlement.TradeSettlementOrderService.settlementMarketOrder(TradeSettlementOrderService.java:41)
	at cn.ant0n.gbm.test.domain.trade.TradeTest.test_03(TradeTest.java:60)
	at sun.reflect.NativeMethodAccessorImpl.invoke0(Native Method)
	at sun.reflect.NativeMethodAccessorImpl.invoke(NativeMethodAccessorImpl.java:62)
	at sun.reflect.DelegatingMethodAccessorImpl.invoke(DelegatingMethodAccessorImpl.java:43)
	at java.lang.reflect.Method.invoke(Method.java:498)
	at org.junit.runners.model.FrameworkMethod$1.runReflectiveCall(FrameworkMethod.java:59)
	at org.junit.internal.runners.model.ReflectiveCallable.run(ReflectiveCallable.java:12)
	at org.junit.runners.model.FrameworkMethod.invokeExplosively(FrameworkMethod.java:56)
	at org.junit.internal.runners.statements.InvokeMethod.evaluate(InvokeMethod.java:17)
	at org.springframework.test.context.junit4.statements.RunBeforeTestExecutionCallbacks.evaluate(RunBeforeTestExecutionCallbacks.java:74)
	at org.springframework.test.context.junit4.statements.RunAfterTestExecutionCallbacks.evaluate(RunAfterTestExecutionCallbacks.java:84)
	at org.springframework.test.context.junit4.statements.RunBeforeTestMethodCallbacks.evaluate(RunBeforeTestMethodCallbacks.java:75)
	at org.springframework.test.context.junit4.statements.RunAfterTestMethodCallbacks.evaluate(RunAfterTestMethodCallbacks.java:86)
	at org.springframework.test.context.junit4.statements.SpringRepeat.evaluate(SpringRepeat.java:84)
	at org.junit.runners.ParentRunner.runLeaf(ParentRunner.java:366)
	at org.springframework.test.context.junit4.SpringJUnit4ClassRunner.runChild(SpringJUnit4ClassRunner.java:251)
	at org.springframework.test.context.junit4.SpringJUnit4ClassRunner.runChild(SpringJUnit4ClassRunner.java:97)
	at org.junit.runners.ParentRunner$4.run(ParentRunner.java:331)
	at org.junit.runners.ParentRunner$1.schedule(ParentRunner.java:79)
	at org.junit.runners.ParentRunner.runChildren(ParentRunner.java:329)
	at org.junit.runners.ParentRunner.access$100(ParentRunner.java:66)
	at org.junit.runners.ParentRunner$2.evaluate(ParentRunner.java:293)
	at org.springframework.test.context.junit4.statements.RunBeforeTestClassCallbacks.evaluate(RunBeforeTestClassCallbacks.java:61)
	at org.springframework.test.context.junit4.statements.RunAfterTestClassCallbacks.evaluate(RunAfterTestClassCallbacks.java:70)
	at org.junit.runners.ParentRunner$3.evaluate(ParentRunner.java:306)
	at org.junit.runners.ParentRunner.run(ParentRunner.java:413)
	at org.springframework.test.context.junit4.SpringJUnit4ClassRunner.run(SpringJUnit4ClassRunner.java:190)
	at org.junit.runner.JUnitCore.run(JUnitCore.java:137)
	at com.intellij.junit4.JUnit4IdeaTestRunner.startRunnerWithArgs(JUnit4IdeaTestRunner.java:69)
	at com.intellij.rt.junit.IdeaTestRunner$Repeater$1.execute(IdeaTestRunner.java:38)
	at com.intellij.rt.execution.junit.TestsRepeater.repeat(TestsRepeater.java:11)
	at com.intellij.rt.junit.IdeaTestRunner$Repeater.startRunnerWithArgs(IdeaTestRunner.java:35)
	at com.intellij.rt.junit.JUnitStarter.prepareStreamsAndStart(JUnitStarter.java:232)
	at com.intellij.rt.junit.JUnitStarter.main(JUnitStarter.java:55)
25-02-05.12:32:23.065 [main            ] INFO  TradeTest              - Starting TradeTest using Java 1.8.0_371 on LAPTOP-T7SUU4QG with PID 28116 (started by 杨晓灿 in E:\java_project\GroupBuyMarket\GroupBuyMarket-app)
25-02-05.12:32:23.066 [main            ] INFO  TradeTest              - The following 1 profile is active: "dev"
25-02-05.12:32:23.073 [background-preinit] INFO  Version                - HV000001: Hibernate Validator 6.2.5.Final
25-02-05.12:32:23.772 [main            ] INFO  RepositoryConfigurationDelegate - Multiple Spring Data modules found, entering strict repository configuration mode
25-02-05.12:32:23.774 [main            ] INFO  RepositoryConfigurationDelegate - Bootstrapping Spring Data Redis repositories in DEFAULT mode.
25-02-05.12:32:23.802 [main            ] INFO  RepositoryConfigurationDelegate - Finished Spring Data repository scanning in 17 ms. Found 0 Redis repository interfaces.
25-02-05.12:32:24.288 [main            ] INFO  PostProcessorRegistrationDelegate$BeanPostProcessorChecker - Bean 'redisClientConfig' of type [cn.ant0n.gbm.config.RedisClientConfig$$EnhancerBySpringCGLIB$$75559fef] is not eligible for getting processed by all BeanPostProcessors (for example: not eligible for auto-proxying)
25-02-05.12:32:24.307 [main            ] INFO  PostProcessorRegistrationDelegate$BeanPostProcessorChecker - Bean 'redis.sdk.config-cn.ant0n.gbm.config.RedisClientConfigProperties' of type [cn.ant0n.gbm.config.RedisClientConfigProperties] is not eligible for getting processed by all BeanPostProcessors (for example: not eligible for auto-proxying)
25-02-05.12:32:24.704 [main            ] INFO  Version                - Redisson 3.23.4
25-02-05.12:32:25.138 [redisson-netty-2-6] INFO  MasterPubSubConnectionPool - 1 connections initialized for 117.72.40.102/117.72.40.102:6379
25-02-05.12:32:25.430 [redisson-netty-2-13] INFO  MasterConnectionPool   - 5 connections initialized for 117.72.40.102/117.72.40.102:6379
25-02-05.12:32:25.459 [main            ] INFO  PostProcessorRegistrationDelegate$BeanPostProcessorChecker - Bean 'redissonClient' of type [org.redisson.Redisson] is not eligible for getting processed by all BeanPostProcessors (for example: not eligible for auto-proxying)
25-02-05.12:32:28.838 [main            ] INFO  EndpointLinksResolver  - Exposing 1 endpoint(s) beneath base path '/actuator'
25-02-05.12:32:29.841 [main            ] INFO  DefaultRocketMQListenerContainer - running container: DefaultRocketMQListenerContainer{consumerGroup='group-buy-consumer-group', nameServer='117.72.40.102:9876', topic='GroupBuyMarketSuccessTopic', consumeMode=CONCURRENTLY, selectorType=TAG, selectorExpression='*', messageModel=CLUSTERING}
25-02-05.12:32:29.841 [main            ] INFO  ListenerContainerConfiguration - Register the listener to container, listenerBeanName:groupBuyMarketSuccessListener, containerBeanName:org.apache.rocketmq.spring.support.DefaultRocketMQListenerContainer_1
25-02-05.12:32:29.857 [main            ] INFO  TradeTest              - Started TradeTest in 7.106 seconds (JVM running for 7.85)
25-02-05.12:32:30.090 [main            ] INFO  HikariDataSource       - HikariPool-1 - Starting...
25-02-05.12:32:30.497 [main            ] INFO  HikariDataSource       - HikariPool-1 - Start completed.
25-02-05.12:32:30.569 [main            ] INFO  TradeTest              - 结果为:{}
25-02-05.12:32:30.711 [main            ] INFO  TradeSettlementOrderService - 拼团交易-支付结算, userId:yangxiaocan1, outTradeNo:15
25-02-05.12:32:33.838 [main            ] WARN  TradeRepository        - 拼团交易-订单结算异常
java.lang.NullPointerException: null
	at cn.ant0n.gbm.infrastructure.adapter.repository.TradeRepository.lambda$settlementMarketOrder$2(TradeRepository.java:238)
	at org.springframework.transaction.support.TransactionTemplate.execute(TransactionTemplate.java:140)
	at cn.ant0n.gbm.infrastructure.adapter.repository.TradeRepository.settlementMarketOrder(TradeRepository.java:226)
	at cn.ant0n.gbm.infrastructure.adapter.repository.TradeRepository$$FastClassBySpringCGLIB$$4c230d6c.invoke(<generated>)
	at org.springframework.cglib.proxy.MethodProxy.invoke(MethodProxy.java:218)
	at org.springframework.aop.framework.CglibAopProxy$CglibMethodInvocation.invokeJoinpoint(CglibAopProxy.java:793)
	at org.springframework.aop.framework.ReflectiveMethodInvocation.proceed(ReflectiveMethodInvocation.java:163)
	at org.springframework.aop.framework.CglibAopProxy$CglibMethodInvocation.proceed(CglibAopProxy.java:763)
	at org.springframework.dao.support.PersistenceExceptionTranslationInterceptor.invoke(PersistenceExceptionTranslationInterceptor.java:137)
	at org.springframework.aop.framework.ReflectiveMethodInvocation.proceed(ReflectiveMethodInvocation.java:186)
	at org.springframework.aop.framework.CglibAopProxy$CglibMethodInvocation.proceed(CglibAopProxy.java:763)
	at org.springframework.aop.framework.CglibAopProxy$DynamicAdvisedInterceptor.intercept(CglibAopProxy.java:708)
	at cn.ant0n.gbm.infrastructure.adapter.repository.TradeRepository$$EnhancerBySpringCGLIB$$cc37d923.settlementMarketOrder(<generated>)
	at cn.ant0n.gbm.domain.trade.service.settlement.TradeSettlementOrderService.settlementMarketOrder(TradeSettlementOrderService.java:41)
	at cn.ant0n.gbm.test.domain.trade.TradeTest.test_03(TradeTest.java:60)
	at sun.reflect.NativeMethodAccessorImpl.invoke0(Native Method)
	at sun.reflect.NativeMethodAccessorImpl.invoke(NativeMethodAccessorImpl.java:62)
	at sun.reflect.DelegatingMethodAccessorImpl.invoke(DelegatingMethodAccessorImpl.java:43)
	at java.lang.reflect.Method.invoke(Method.java:498)
	at org.junit.runners.model.FrameworkMethod$1.runReflectiveCall(FrameworkMethod.java:59)
	at org.junit.internal.runners.model.ReflectiveCallable.run(ReflectiveCallable.java:12)
	at org.junit.runners.model.FrameworkMethod.invokeExplosively(FrameworkMethod.java:56)
	at org.junit.internal.runners.statements.InvokeMethod.evaluate(InvokeMethod.java:17)
	at org.springframework.test.context.junit4.statements.RunBeforeTestExecutionCallbacks.evaluate(RunBeforeTestExecutionCallbacks.java:74)
	at org.springframework.test.context.junit4.statements.RunAfterTestExecutionCallbacks.evaluate(RunAfterTestExecutionCallbacks.java:84)
	at org.springframework.test.context.junit4.statements.RunBeforeTestMethodCallbacks.evaluate(RunBeforeTestMethodCallbacks.java:75)
	at org.springframework.test.context.junit4.statements.RunAfterTestMethodCallbacks.evaluate(RunAfterTestMethodCallbacks.java:86)
	at org.springframework.test.context.junit4.statements.SpringRepeat.evaluate(SpringRepeat.java:84)
	at org.junit.runners.ParentRunner.runLeaf(ParentRunner.java:366)
	at org.springframework.test.context.junit4.SpringJUnit4ClassRunner.runChild(SpringJUnit4ClassRunner.java:251)
	at org.springframework.test.context.junit4.SpringJUnit4ClassRunner.runChild(SpringJUnit4ClassRunner.java:97)
	at org.junit.runners.ParentRunner$4.run(ParentRunner.java:331)
	at org.junit.runners.ParentRunner$1.schedule(ParentRunner.java:79)
	at org.junit.runners.ParentRunner.runChildren(ParentRunner.java:329)
	at org.junit.runners.ParentRunner.access$100(ParentRunner.java:66)
	at org.junit.runners.ParentRunner$2.evaluate(ParentRunner.java:293)
	at org.springframework.test.context.junit4.statements.RunBeforeTestClassCallbacks.evaluate(RunBeforeTestClassCallbacks.java:61)
	at org.springframework.test.context.junit4.statements.RunAfterTestClassCallbacks.evaluate(RunAfterTestClassCallbacks.java:70)
	at org.junit.runners.ParentRunner$3.evaluate(ParentRunner.java:306)
	at org.junit.runners.ParentRunner.run(ParentRunner.java:413)
	at org.springframework.test.context.junit4.SpringJUnit4ClassRunner.run(SpringJUnit4ClassRunner.java:190)
	at org.junit.runner.JUnitCore.run(JUnitCore.java:137)
	at com.intellij.junit4.JUnit4IdeaTestRunner.startRunnerWithArgs(JUnit4IdeaTestRunner.java:69)
	at com.intellij.rt.junit.IdeaTestRunner$Repeater$1.execute(IdeaTestRunner.java:38)
	at com.intellij.rt.execution.junit.TestsRepeater.repeat(TestsRepeater.java:11)
	at com.intellij.rt.junit.IdeaTestRunner$Repeater.startRunnerWithArgs(IdeaTestRunner.java:35)
	at com.intellij.rt.junit.JUnitStarter.prepareStreamsAndStart(JUnitStarter.java:232)
	at com.intellij.rt.junit.JUnitStarter.main(JUnitStarter.java:55)
25-02-05.12:32:39.146 [NettyClientSelector_1] INFO  RocketmqRemoting       - closeChannel: close the connection to remote address[117.72.40.102:9876] result: true
25-02-05.12:32:39.147 [NettyClientSelector_1] INFO  RocketmqRemoting       - closeChannel: close the connection to remote address[117.72.40.102:10911] result: true
25-02-05.12:32:39.191 [SpringApplicationShutdownHook] INFO  DefaultRocketMQListenerContainer - container destroyed, DefaultRocketMQListenerContainer{consumerGroup='group-buy-consumer-group', nameServer='117.72.40.102:9876', topic='GroupBuyMarketSuccessTopic', consumeMode=CONCURRENTLY, selectorType=TAG, selectorExpression='*', messageModel=CLUSTERING}
25-02-05.12:32:43.833 [main            ] INFO  TradeTest              - Starting TradeTest using Java 1.8.0_371 on LAPTOP-T7SUU4QG with PID 18112 (started by 杨晓灿 in E:\java_project\GroupBuyMarket\GroupBuyMarket-app)
25-02-05.12:32:43.834 [main            ] INFO  TradeTest              - The following 1 profile is active: "dev"
25-02-05.12:32:43.841 [background-preinit] INFO  Version                - HV000001: Hibernate Validator 6.2.5.Final
25-02-05.12:32:44.532 [main            ] INFO  RepositoryConfigurationDelegate - Multiple Spring Data modules found, entering strict repository configuration mode
25-02-05.12:32:44.535 [main            ] INFO  RepositoryConfigurationDelegate - Bootstrapping Spring Data Redis repositories in DEFAULT mode.
25-02-05.12:32:44.564 [main            ] INFO  RepositoryConfigurationDelegate - Finished Spring Data repository scanning in 18 ms. Found 0 Redis repository interfaces.
25-02-05.12:32:45.029 [main            ] INFO  PostProcessorRegistrationDelegate$BeanPostProcessorChecker - Bean 'redisClientConfig' of type [cn.ant0n.gbm.config.RedisClientConfig$$EnhancerBySpringCGLIB$$b6eb2364] is not eligible for getting processed by all BeanPostProcessors (for example: not eligible for auto-proxying)
25-02-05.12:32:45.047 [main            ] INFO  PostProcessorRegistrationDelegate$BeanPostProcessorChecker - Bean 'redis.sdk.config-cn.ant0n.gbm.config.RedisClientConfigProperties' of type [cn.ant0n.gbm.config.RedisClientConfigProperties] is not eligible for getting processed by all BeanPostProcessors (for example: not eligible for auto-proxying)
25-02-05.12:32:45.406 [main            ] INFO  Version                - Redisson 3.23.4
25-02-05.12:32:45.822 [redisson-netty-2-6] INFO  MasterPubSubConnectionPool - 1 connections initialized for 117.72.40.102/117.72.40.102:6379
25-02-05.12:32:46.095 [redisson-netty-2-13] INFO  MasterConnectionPool   - 5 connections initialized for 117.72.40.102/117.72.40.102:6379
25-02-05.12:32:46.127 [main            ] INFO  PostProcessorRegistrationDelegate$BeanPostProcessorChecker - Bean 'redissonClient' of type [org.redisson.Redisson] is not eligible for getting processed by all BeanPostProcessors (for example: not eligible for auto-proxying)
25-02-05.12:32:48.975 [main            ] INFO  EndpointLinksResolver  - Exposing 1 endpoint(s) beneath base path '/actuator'
25-02-05.12:32:49.924 [main            ] INFO  DefaultRocketMQListenerContainer - running container: DefaultRocketMQListenerContainer{consumerGroup='group-buy-consumer-group', nameServer='117.72.40.102:9876', topic='GroupBuyMarketSuccessTopic', consumeMode=CONCURRENTLY, selectorType=TAG, selectorExpression='*', messageModel=CLUSTERING}
25-02-05.12:32:49.924 [main            ] INFO  ListenerContainerConfiguration - Register the listener to container, listenerBeanName:groupBuyMarketSuccessListener, containerBeanName:org.apache.rocketmq.spring.support.DefaultRocketMQListenerContainer_1
25-02-05.12:32:49.940 [main            ] INFO  TradeTest              - Started TradeTest in 6.375 seconds (JVM running for 6.978)
25-02-05.12:32:50.143 [main            ] INFO  HikariDataSource       - HikariPool-1 - Starting...
25-02-05.12:32:50.519 [main            ] INFO  HikariDataSource       - HikariPool-1 - Start completed.
25-02-05.12:32:50.587 [main            ] INFO  TradeTest              - 结果为:{}
25-02-05.12:32:50.733 [main            ] INFO  TradeSettlementOrderService - 拼团交易-支付结算, userId:yangxiaocan1, outTradeNo:15
25-02-05.12:32:50.790 [main            ] WARN  TradeRepository        - 拼团交易-订单结算异常
java.lang.NullPointerException: null
	at cn.ant0n.gbm.infrastructure.adapter.repository.TradeRepository.lambda$settlementMarketOrder$2(TradeRepository.java:238)
	at org.springframework.transaction.support.TransactionTemplate.execute(TransactionTemplate.java:140)
	at cn.ant0n.gbm.infrastructure.adapter.repository.TradeRepository.settlementMarketOrder(TradeRepository.java:226)
	at cn.ant0n.gbm.infrastructure.adapter.repository.TradeRepository$$FastClassBySpringCGLIB$$4c230d6c.invoke(<generated>)
	at org.springframework.cglib.proxy.MethodProxy.invoke(MethodProxy.java:218)
	at org.springframework.aop.framework.CglibAopProxy$CglibMethodInvocation.invokeJoinpoint(CglibAopProxy.java:793)
	at org.springframework.aop.framework.ReflectiveMethodInvocation.proceed(ReflectiveMethodInvocation.java:163)
	at org.springframework.aop.framework.CglibAopProxy$CglibMethodInvocation.proceed(CglibAopProxy.java:763)
	at org.springframework.dao.support.PersistenceExceptionTranslationInterceptor.invoke(PersistenceExceptionTranslationInterceptor.java:137)
	at org.springframework.aop.framework.ReflectiveMethodInvocation.proceed(ReflectiveMethodInvocation.java:186)
	at org.springframework.aop.framework.CglibAopProxy$CglibMethodInvocation.proceed(CglibAopProxy.java:763)
	at org.springframework.aop.framework.CglibAopProxy$DynamicAdvisedInterceptor.intercept(CglibAopProxy.java:708)
	at cn.ant0n.gbm.infrastructure.adapter.repository.TradeRepository$$EnhancerBySpringCGLIB$$10a5a9bf.settlementMarketOrder(<generated>)
	at cn.ant0n.gbm.domain.trade.service.settlement.TradeSettlementOrderService.settlementMarketOrder(TradeSettlementOrderService.java:41)
	at cn.ant0n.gbm.test.domain.trade.TradeTest.test_03(TradeTest.java:60)
	at sun.reflect.NativeMethodAccessorImpl.invoke0(Native Method)
	at sun.reflect.NativeMethodAccessorImpl.invoke(NativeMethodAccessorImpl.java:62)
	at sun.reflect.DelegatingMethodAccessorImpl.invoke(DelegatingMethodAccessorImpl.java:43)
	at java.lang.reflect.Method.invoke(Method.java:498)
	at org.junit.runners.model.FrameworkMethod$1.runReflectiveCall(FrameworkMethod.java:59)
	at org.junit.internal.runners.model.ReflectiveCallable.run(ReflectiveCallable.java:12)
	at org.junit.runners.model.FrameworkMethod.invokeExplosively(FrameworkMethod.java:56)
	at org.junit.internal.runners.statements.InvokeMethod.evaluate(InvokeMethod.java:17)
	at org.springframework.test.context.junit4.statements.RunBeforeTestExecutionCallbacks.evaluate(RunBeforeTestExecutionCallbacks.java:74)
	at org.springframework.test.context.junit4.statements.RunAfterTestExecutionCallbacks.evaluate(RunAfterTestExecutionCallbacks.java:84)
	at org.springframework.test.context.junit4.statements.RunBeforeTestMethodCallbacks.evaluate(RunBeforeTestMethodCallbacks.java:75)
	at org.springframework.test.context.junit4.statements.RunAfterTestMethodCallbacks.evaluate(RunAfterTestMethodCallbacks.java:86)
	at org.springframework.test.context.junit4.statements.SpringRepeat.evaluate(SpringRepeat.java:84)
	at org.junit.runners.ParentRunner.runLeaf(ParentRunner.java:366)
	at org.springframework.test.context.junit4.SpringJUnit4ClassRunner.runChild(SpringJUnit4ClassRunner.java:251)
	at org.springframework.test.context.junit4.SpringJUnit4ClassRunner.runChild(SpringJUnit4ClassRunner.java:97)
	at org.junit.runners.ParentRunner$4.run(ParentRunner.java:331)
	at org.junit.runners.ParentRunner$1.schedule(ParentRunner.java:79)
	at org.junit.runners.ParentRunner.runChildren(ParentRunner.java:329)
	at org.junit.runners.ParentRunner.access$100(ParentRunner.java:66)
	at org.junit.runners.ParentRunner$2.evaluate(ParentRunner.java:293)
	at org.springframework.test.context.junit4.statements.RunBeforeTestClassCallbacks.evaluate(RunBeforeTestClassCallbacks.java:61)
	at org.springframework.test.context.junit4.statements.RunAfterTestClassCallbacks.evaluate(RunAfterTestClassCallbacks.java:70)
	at org.junit.runners.ParentRunner$3.evaluate(ParentRunner.java:306)
	at org.junit.runners.ParentRunner.run(ParentRunner.java:413)
	at org.springframework.test.context.junit4.SpringJUnit4ClassRunner.run(SpringJUnit4ClassRunner.java:190)
	at org.junit.runner.JUnitCore.run(JUnitCore.java:137)
	at com.intellij.junit4.JUnit4IdeaTestRunner.startRunnerWithArgs(JUnit4IdeaTestRunner.java:69)
	at com.intellij.rt.junit.IdeaTestRunner$Repeater$1.execute(IdeaTestRunner.java:38)
	at com.intellij.rt.execution.junit.TestsRepeater.repeat(TestsRepeater.java:11)
	at com.intellij.rt.junit.IdeaTestRunner$Repeater.startRunnerWithArgs(IdeaTestRunner.java:35)
	at com.intellij.rt.junit.JUnitStarter.prepareStreamsAndStart(JUnitStarter.java:232)
	at com.intellij.rt.junit.JUnitStarter.main(JUnitStarter.java:55)
25-02-05.12:32:50.890 [NettyClientSelector_1] INFO  RocketmqRemoting       - closeChannel: close the connection to remote address[117.72.40.102:10911] result: true
25-02-05.12:32:50.891 [NettyClientSelector_1] INFO  RocketmqRemoting       - closeChannel: close the connection to remote address[117.72.40.102:9876] result: true
25-02-05.12:32:50.936 [SpringApplicationShutdownHook] INFO  DefaultRocketMQListenerContainer - container destroyed, DefaultRocketMQListenerContainer{consumerGroup='group-buy-consumer-group', nameServer='117.72.40.102:9876', topic='GroupBuyMarketSuccessTopic', consumeMode=CONCURRENTLY, selectorType=TAG, selectorExpression='*', messageModel=CLUSTERING}
25-02-05.12:32:51.032 [NettyClientSelector_1] INFO  RocketmqRemoting       - closeChannel: close the connection to remote address[117.72.40.102:10911] result: true
25-02-05.12:32:51.032 [NettyClientSelector_1] INFO  RocketmqRemoting       - closeChannel: close the connection to remote address[117.72.40.102:9876] result: true
25-02-05.12:32:51.128 [NettyClientSelector_1] INFO  RocketmqRemoting       - closeChannel: close the connection to remote address[117.72.40.102:9876] result: true
25-02-05.12:32:51.128 [NettyClientSelector_1] INFO  RocketmqRemoting       - closeChannel: close the connection to remote address[117.72.40.102:10911] result: true
25-02-05.12:32:51.132 [SpringApplicationShutdownHook] INFO  HikariDataSource       - HikariPool-1 - Shutdown initiated...
25-02-05.12:32:51.141 [SpringApplicationShutdownHook] INFO  HikariDataSource       - HikariPool-1 - Shutdown completed.
25-02-05.12:33:05.548 [main            ] INFO  TradeTest              - Starting TradeTest using Java 1.8.0_371 on LAPTOP-T7SUU4QG with PID 24164 (started by 杨晓灿 in E:\java_project\GroupBuyMarket\GroupBuyMarket-app)
25-02-05.12:33:05.548 [main            ] INFO  TradeTest              - The following 1 profile is active: "dev"
25-02-05.12:33:05.555 [background-preinit] INFO  Version                - HV000001: Hibernate Validator 6.2.5.Final
25-02-05.12:33:06.263 [main            ] INFO  RepositoryConfigurationDelegate - Multiple Spring Data modules found, entering strict repository configuration mode
25-02-05.12:33:06.265 [main            ] INFO  RepositoryConfigurationDelegate - Bootstrapping Spring Data Redis repositories in DEFAULT mode.
25-02-05.12:33:06.292 [main            ] INFO  RepositoryConfigurationDelegate - Finished Spring Data repository scanning in 18 ms. Found 0 Redis repository interfaces.
25-02-05.12:33:06.731 [main            ] INFO  PostProcessorRegistrationDelegate$BeanPostProcessorChecker - Bean 'redisClientConfig' of type [cn.ant0n.gbm.config.RedisClientConfig$$EnhancerBySpringCGLIB$$4824fe8c] is not eligible for getting processed by all BeanPostProcessors (for example: not eligible for auto-proxying)
25-02-05.12:33:06.746 [main            ] INFO  PostProcessorRegistrationDelegate$BeanPostProcessorChecker - Bean 'redis.sdk.config-cn.ant0n.gbm.config.RedisClientConfigProperties' of type [cn.ant0n.gbm.config.RedisClientConfigProperties] is not eligible for getting processed by all BeanPostProcessors (for example: not eligible for auto-proxying)
25-02-05.12:33:07.100 [main            ] INFO  Version                - Redisson 3.23.4
25-02-05.12:33:07.476 [redisson-netty-2-6] INFO  MasterPubSubConnectionPool - 1 connections initialized for 117.72.40.102/117.72.40.102:6379
25-02-05.12:33:07.776 [redisson-netty-2-13] INFO  MasterConnectionPool   - 5 connections initialized for 117.72.40.102/117.72.40.102:6379
25-02-05.12:33:07.808 [main            ] INFO  PostProcessorRegistrationDelegate$BeanPostProcessorChecker - Bean 'redissonClient' of type [org.redisson.Redisson] is not eligible for getting processed by all BeanPostProcessors (for example: not eligible for auto-proxying)
25-02-05.12:33:10.570 [main            ] INFO  EndpointLinksResolver  - Exposing 1 endpoint(s) beneath base path '/actuator'
25-02-05.12:33:11.730 [main            ] INFO  DefaultRocketMQListenerContainer - running container: DefaultRocketMQListenerContainer{consumerGroup='group-buy-consumer-group', nameServer='117.72.40.102:9876', topic='GroupBuyMarketSuccessTopic', consumeMode=CONCURRENTLY, selectorType=TAG, selectorExpression='*', messageModel=CLUSTERING}
25-02-05.12:33:11.730 [main            ] INFO  ListenerContainerConfiguration - Register the listener to container, listenerBeanName:groupBuyMarketSuccessListener, containerBeanName:org.apache.rocketmq.spring.support.DefaultRocketMQListenerContainer_1
25-02-05.12:33:11.748 [main            ] INFO  TradeTest              - Started TradeTest in 6.492 seconds (JVM running for 7.109)
25-02-05.12:33:11.909 [main            ] INFO  TradeSettlementOrderService - 拼团交易-支付结算, userId:yangxiaocan1, outTradeNo:15
25-02-05.12:33:11.926 [main            ] INFO  HikariDataSource       - HikariPool-1 - Starting...
25-02-05.12:33:12.318 [main            ] INFO  HikariDataSource       - HikariPool-1 - Start completed.
25-02-05.12:33:12.443 [main            ] WARN  TradeRepository        - 拼团交易-订单结算异常
java.lang.NullPointerException: null
	at cn.ant0n.gbm.infrastructure.adapter.repository.TradeRepository.lambda$settlementMarketOrder$2(TradeRepository.java:238)
	at org.springframework.transaction.support.TransactionTemplate.execute(TransactionTemplate.java:140)
	at cn.ant0n.gbm.infrastructure.adapter.repository.TradeRepository.settlementMarketOrder(TradeRepository.java:226)
	at cn.ant0n.gbm.infrastructure.adapter.repository.TradeRepository$$FastClassBySpringCGLIB$$4c230d6c.invoke(<generated>)
	at org.springframework.cglib.proxy.MethodProxy.invoke(MethodProxy.java:218)
	at org.springframework.aop.framework.CglibAopProxy$CglibMethodInvocation.invokeJoinpoint(CglibAopProxy.java:793)
	at org.springframework.aop.framework.ReflectiveMethodInvocation.proceed(ReflectiveMethodInvocation.java:163)
	at org.springframework.aop.framework.CglibAopProxy$CglibMethodInvocation.proceed(CglibAopProxy.java:763)
	at org.springframework.dao.support.PersistenceExceptionTranslationInterceptor.invoke(PersistenceExceptionTranslationInterceptor.java:137)
	at org.springframework.aop.framework.ReflectiveMethodInvocation.proceed(ReflectiveMethodInvocation.java:186)
	at org.springframework.aop.framework.CglibAopProxy$CglibMethodInvocation.proceed(CglibAopProxy.java:763)
	at org.springframework.aop.framework.CglibAopProxy$DynamicAdvisedInterceptor.intercept(CglibAopProxy.java:708)
	at cn.ant0n.gbm.infrastructure.adapter.repository.TradeRepository$$EnhancerBySpringCGLIB$$2e37b3a6.settlementMarketOrder(<generated>)
	at cn.ant0n.gbm.domain.trade.service.settlement.TradeSettlementOrderService.settlementMarketOrder(TradeSettlementOrderService.java:41)
	at cn.ant0n.gbm.test.domain.trade.TradeTest.test_03(TradeTest.java:60)
	at sun.reflect.NativeMethodAccessorImpl.invoke0(Native Method)
	at sun.reflect.NativeMethodAccessorImpl.invoke(NativeMethodAccessorImpl.java:62)
	at sun.reflect.DelegatingMethodAccessorImpl.invoke(DelegatingMethodAccessorImpl.java:43)
	at java.lang.reflect.Method.invoke(Method.java:498)
	at org.junit.runners.model.FrameworkMethod$1.runReflectiveCall(FrameworkMethod.java:59)
	at org.junit.internal.runners.model.ReflectiveCallable.run(ReflectiveCallable.java:12)
	at org.junit.runners.model.FrameworkMethod.invokeExplosively(FrameworkMethod.java:56)
	at org.junit.internal.runners.statements.InvokeMethod.evaluate(InvokeMethod.java:17)
	at org.springframework.test.context.junit4.statements.RunBeforeTestExecutionCallbacks.evaluate(RunBeforeTestExecutionCallbacks.java:74)
	at org.springframework.test.context.junit4.statements.RunAfterTestExecutionCallbacks.evaluate(RunAfterTestExecutionCallbacks.java:84)
	at org.springframework.test.context.junit4.statements.RunBeforeTestMethodCallbacks.evaluate(RunBeforeTestMethodCallbacks.java:75)
	at org.springframework.test.context.junit4.statements.RunAfterTestMethodCallbacks.evaluate(RunAfterTestMethodCallbacks.java:86)
	at org.springframework.test.context.junit4.statements.SpringRepeat.evaluate(SpringRepeat.java:84)
	at org.junit.runners.ParentRunner.runLeaf(ParentRunner.java:366)
	at org.springframework.test.context.junit4.SpringJUnit4ClassRunner.runChild(SpringJUnit4ClassRunner.java:251)
	at org.springframework.test.context.junit4.SpringJUnit4ClassRunner.runChild(SpringJUnit4ClassRunner.java:97)
	at org.junit.runners.ParentRunner$4.run(ParentRunner.java:331)
	at org.junit.runners.ParentRunner$1.schedule(ParentRunner.java:79)
	at org.junit.runners.ParentRunner.runChildren(ParentRunner.java:329)
	at org.junit.runners.ParentRunner.access$100(ParentRunner.java:66)
	at org.junit.runners.ParentRunner$2.evaluate(ParentRunner.java:293)
	at org.springframework.test.context.junit4.statements.RunBeforeTestClassCallbacks.evaluate(RunBeforeTestClassCallbacks.java:61)
	at org.springframework.test.context.junit4.statements.RunAfterTestClassCallbacks.evaluate(RunAfterTestClassCallbacks.java:70)
	at org.junit.runners.ParentRunner$3.evaluate(ParentRunner.java:306)
	at org.junit.runners.ParentRunner.run(ParentRunner.java:413)
	at org.springframework.test.context.junit4.SpringJUnit4ClassRunner.run(SpringJUnit4ClassRunner.java:190)
	at org.junit.runner.JUnitCore.run(JUnitCore.java:137)
	at com.intellij.junit4.JUnit4IdeaTestRunner.startRunnerWithArgs(JUnit4IdeaTestRunner.java:69)
	at com.intellij.rt.junit.IdeaTestRunner$Repeater$1.execute(IdeaTestRunner.java:38)
	at com.intellij.rt.execution.junit.TestsRepeater.repeat(TestsRepeater.java:11)
	at com.intellij.rt.junit.IdeaTestRunner$Repeater.startRunnerWithArgs(IdeaTestRunner.java:35)
	at com.intellij.rt.junit.JUnitStarter.prepareStreamsAndStart(JUnitStarter.java:232)
	at com.intellij.rt.junit.JUnitStarter.main(JUnitStarter.java:55)
25-02-05.12:33:12.539 [NettyClientSelector_1] INFO  RocketmqRemoting       - closeChannel: close the connection to remote address[117.72.40.102:9876] result: true
25-02-05.12:33:12.539 [NettyClientSelector_1] INFO  RocketmqRemoting       - closeChannel: close the connection to remote address[117.72.40.102:10911] result: true
25-02-05.12:33:12.576 [SpringApplicationShutdownHook] INFO  DefaultRocketMQListenerContainer - container destroyed, DefaultRocketMQListenerContainer{consumerGroup='group-buy-consumer-group', nameServer='117.72.40.102:9876', topic='GroupBuyMarketSuccessTopic', consumeMode=CONCURRENTLY, selectorType=TAG, selectorExpression='*', messageModel=CLUSTERING}
25-02-05.12:33:12.672 [NettyClientSelector_1] INFO  RocketmqRemoting       - closeChannel: close the connection to remote address[117.72.40.102:10911] result: true
25-02-05.12:33:12.672 [NettyClientSelector_1] INFO  RocketmqRemoting       - closeChannel: close the connection to remote address[117.72.40.102:9876] result: true
25-02-05.12:33:12.754 [SpringApplicationShutdownHook] INFO  HikariDataSource       - HikariPool-1 - Shutdown initiated...
25-02-05.12:33:12.764 [SpringApplicationShutdownHook] INFO  HikariDataSource       - HikariPool-1 - Shutdown completed.
25-02-05.12:33:23.368 [main            ] INFO  TradeTest              - Starting TradeTest using Java 1.8.0_371 on LAPTOP-T7SUU4QG with PID 16020 (started by 杨晓灿 in E:\java_project\GroupBuyMarket\GroupBuyMarket-app)
25-02-05.12:33:23.368 [main            ] INFO  TradeTest              - The following 1 profile is active: "dev"
25-02-05.12:33:23.376 [background-preinit] INFO  Version                - HV000001: Hibernate Validator 6.2.5.Final
25-02-05.12:33:24.114 [main            ] INFO  RepositoryConfigurationDelegate - Multiple Spring Data modules found, entering strict repository configuration mode
25-02-05.12:33:24.117 [main            ] INFO  RepositoryConfigurationDelegate - Bootstrapping Spring Data Redis repositories in DEFAULT mode.
25-02-05.12:33:24.146 [main            ] INFO  RepositoryConfigurationDelegate - Finished Spring Data repository scanning in 18 ms. Found 0 Redis repository interfaces.
25-02-05.12:33:24.634 [main            ] INFO  PostProcessorRegistrationDelegate$BeanPostProcessorChecker - Bean 'redisClientConfig' of type [cn.ant0n.gbm.config.RedisClientConfig$$EnhancerBySpringCGLIB$$7a8257df] is not eligible for getting processed by all BeanPostProcessors (for example: not eligible for auto-proxying)
25-02-05.12:33:24.651 [main            ] INFO  PostProcessorRegistrationDelegate$BeanPostProcessorChecker - Bean 'redis.sdk.config-cn.ant0n.gbm.config.RedisClientConfigProperties' of type [cn.ant0n.gbm.config.RedisClientConfigProperties] is not eligible for getting processed by all BeanPostProcessors (for example: not eligible for auto-proxying)
25-02-05.12:33:25.036 [main            ] INFO  Version                - Redisson 3.23.4
25-02-05.12:33:25.471 [redisson-netty-2-6] INFO  MasterPubSubConnectionPool - 1 connections initialized for 117.72.40.102/117.72.40.102:6379
25-02-05.12:33:25.774 [redisson-netty-2-13] INFO  MasterConnectionPool   - 5 connections initialized for 117.72.40.102/117.72.40.102:6379
25-02-05.12:33:25.802 [main            ] INFO  PostProcessorRegistrationDelegate$BeanPostProcessorChecker - Bean 'redissonClient' of type [org.redisson.Redisson] is not eligible for getting processed by all BeanPostProcessors (for example: not eligible for auto-proxying)
25-02-05.12:33:28.742 [main            ] INFO  EndpointLinksResolver  - Exposing 1 endpoint(s) beneath base path '/actuator'
25-02-05.12:33:30.020 [main            ] INFO  DefaultRocketMQListenerContainer - running container: DefaultRocketMQListenerContainer{consumerGroup='group-buy-consumer-group', nameServer='117.72.40.102:9876', topic='GroupBuyMarketSuccessTopic', consumeMode=CONCURRENTLY, selectorType=TAG, selectorExpression='*', messageModel=CLUSTERING}
25-02-05.12:33:30.021 [main            ] INFO  ListenerContainerConfiguration - Register the listener to container, listenerBeanName:groupBuyMarketSuccessListener, containerBeanName:org.apache.rocketmq.spring.support.DefaultRocketMQListenerContainer_1
25-02-05.12:33:30.041 [main            ] INFO  TradeTest              - Started TradeTest in 6.985 seconds (JVM running for 7.736)
25-02-05.12:33:30.206 [main            ] INFO  TradeSettlementOrderService - 拼团交易-支付结算, userId:yangxiaocan1, outTradeNo:15
25-02-05.12:33:30.225 [main            ] INFO  HikariDataSource       - HikariPool-1 - Starting...
25-02-05.12:33:30.611 [main            ] INFO  HikariDataSource       - HikariPool-1 - Start completed.
25-02-05.12:33:37.712 [main            ] WARN  TradeRepository        - 拼团交易-订单结算异常
java.lang.NullPointerException: null
	at cn.ant0n.gbm.infrastructure.adapter.repository.TradeRepository.lambda$settlementMarketOrder$2(TradeRepository.java:238)
	at org.springframework.transaction.support.TransactionTemplate.execute(TransactionTemplate.java:140)
	at cn.ant0n.gbm.infrastructure.adapter.repository.TradeRepository.settlementMarketOrder(TradeRepository.java:226)
	at cn.ant0n.gbm.infrastructure.adapter.repository.TradeRepository$$FastClassBySpringCGLIB$$4c230d6c.invoke(<generated>)
	at org.springframework.cglib.proxy.MethodProxy.invoke(MethodProxy.java:218)
	at org.springframework.aop.framework.CglibAopProxy$CglibMethodInvocation.invokeJoinpoint(CglibAopProxy.java:793)
	at org.springframework.aop.framework.ReflectiveMethodInvocation.proceed(ReflectiveMethodInvocation.java:163)
	at org.springframework.aop.framework.CglibAopProxy$CglibMethodInvocation.proceed(CglibAopProxy.java:763)
	at org.springframework.dao.support.PersistenceExceptionTranslationInterceptor.invoke(PersistenceExceptionTranslationInterceptor.java:137)
	at org.springframework.aop.framework.ReflectiveMethodInvocation.proceed(ReflectiveMethodInvocation.java:186)
	at org.springframework.aop.framework.CglibAopProxy$CglibMethodInvocation.proceed(CglibAopProxy.java:763)
	at org.springframework.aop.framework.CglibAopProxy$DynamicAdvisedInterceptor.intercept(CglibAopProxy.java:708)
	at cn.ant0n.gbm.infrastructure.adapter.repository.TradeRepository$$EnhancerBySpringCGLIB$$272d3a49.settlementMarketOrder(<generated>)
	at cn.ant0n.gbm.domain.trade.service.settlement.TradeSettlementOrderService.settlementMarketOrder(TradeSettlementOrderService.java:41)
	at cn.ant0n.gbm.test.domain.trade.TradeTest.test_03(TradeTest.java:60)
	at sun.reflect.NativeMethodAccessorImpl.invoke0(Native Method)
	at sun.reflect.NativeMethodAccessorImpl.invoke(NativeMethodAccessorImpl.java:62)
	at sun.reflect.DelegatingMethodAccessorImpl.invoke(DelegatingMethodAccessorImpl.java:43)
	at java.lang.reflect.Method.invoke(Method.java:498)
	at org.junit.runners.model.FrameworkMethod$1.runReflectiveCall(FrameworkMethod.java:59)
	at org.junit.internal.runners.model.ReflectiveCallable.run(ReflectiveCallable.java:12)
	at org.junit.runners.model.FrameworkMethod.invokeExplosively(FrameworkMethod.java:56)
	at org.junit.internal.runners.statements.InvokeMethod.evaluate(InvokeMethod.java:17)
	at org.springframework.test.context.junit4.statements.RunBeforeTestExecutionCallbacks.evaluate(RunBeforeTestExecutionCallbacks.java:74)
	at org.springframework.test.context.junit4.statements.RunAfterTestExecutionCallbacks.evaluate(RunAfterTestExecutionCallbacks.java:84)
	at org.springframework.test.context.junit4.statements.RunBeforeTestMethodCallbacks.evaluate(RunBeforeTestMethodCallbacks.java:75)
	at org.springframework.test.context.junit4.statements.RunAfterTestMethodCallbacks.evaluate(RunAfterTestMethodCallbacks.java:86)
	at org.springframework.test.context.junit4.statements.SpringRepeat.evaluate(SpringRepeat.java:84)
	at org.junit.runners.ParentRunner.runLeaf(ParentRunner.java:366)
	at org.springframework.test.context.junit4.SpringJUnit4ClassRunner.runChild(SpringJUnit4ClassRunner.java:251)
	at org.springframework.test.context.junit4.SpringJUnit4ClassRunner.runChild(SpringJUnit4ClassRunner.java:97)
	at org.junit.runners.ParentRunner$4.run(ParentRunner.java:331)
	at org.junit.runners.ParentRunner$1.schedule(ParentRunner.java:79)
	at org.junit.runners.ParentRunner.runChildren(ParentRunner.java:329)
	at org.junit.runners.ParentRunner.access$100(ParentRunner.java:66)
	at org.junit.runners.ParentRunner$2.evaluate(ParentRunner.java:293)
	at org.springframework.test.context.junit4.statements.RunBeforeTestClassCallbacks.evaluate(RunBeforeTestClassCallbacks.java:61)
	at org.springframework.test.context.junit4.statements.RunAfterTestClassCallbacks.evaluate(RunAfterTestClassCallbacks.java:70)
	at org.junit.runners.ParentRunner$3.evaluate(ParentRunner.java:306)
	at org.junit.runners.ParentRunner.run(ParentRunner.java:413)
	at org.springframework.test.context.junit4.SpringJUnit4ClassRunner.run(SpringJUnit4ClassRunner.java:190)
	at org.junit.runner.JUnitCore.run(JUnitCore.java:137)
	at com.intellij.junit4.JUnit4IdeaTestRunner.startRunnerWithArgs(JUnit4IdeaTestRunner.java:69)
	at com.intellij.rt.junit.IdeaTestRunner$Repeater$1.execute(IdeaTestRunner.java:38)
	at com.intellij.rt.execution.junit.TestsRepeater.repeat(TestsRepeater.java:11)
	at com.intellij.rt.junit.IdeaTestRunner$Repeater.startRunnerWithArgs(IdeaTestRunner.java:35)
	at com.intellij.rt.junit.JUnitStarter.prepareStreamsAndStart(JUnitStarter.java:232)
	at com.intellij.rt.junit.JUnitStarter.main(JUnitStarter.java:55)
25-02-05.12:33:37.820 [NettyClientSelector_1] INFO  RocketmqRemoting       - closeChannel: close the connection to remote address[117.72.40.102:9876] result: true
25-02-05.12:33:37.821 [NettyClientSelector_1] INFO  RocketmqRemoting       - closeChannel: close the connection to remote address[117.72.40.102:10911] result: true
25-02-05.12:33:37.864 [SpringApplicationShutdownHook] INFO  DefaultRocketMQListenerContainer - container destroyed, DefaultRocketMQListenerContainer{consumerGroup='group-buy-consumer-group', nameServer='117.72.40.102:9876', topic='GroupBuyMarketSuccessTopic', consumeMode=CONCURRENTLY, selectorType=TAG, selectorExpression='*', messageModel=CLUSTERING}
25-02-05.12:34:11.386 [main            ] INFO  TradeTest              - Starting TradeTest using Java 1.8.0_371 on LAPTOP-T7SUU4QG with PID 28272 (started by 杨晓灿 in E:\java_project\GroupBuyMarket\GroupBuyMarket-app)
25-02-05.12:34:11.387 [main            ] INFO  TradeTest              - The following 1 profile is active: "dev"
25-02-05.12:34:11.395 [background-preinit] INFO  Version                - HV000001: Hibernate Validator 6.2.5.Final
25-02-05.12:34:12.087 [main            ] INFO  RepositoryConfigurationDelegate - Multiple Spring Data modules found, entering strict repository configuration mode
25-02-05.12:34:12.090 [main            ] INFO  RepositoryConfigurationDelegate - Bootstrapping Spring Data Redis repositories in DEFAULT mode.
25-02-05.12:34:12.115 [main            ] INFO  RepositoryConfigurationDelegate - Finished Spring Data repository scanning in 16 ms. Found 0 Redis repository interfaces.
25-02-05.12:34:12.593 [main            ] INFO  PostProcessorRegistrationDelegate$BeanPostProcessorChecker - Bean 'redisClientConfig' of type [cn.ant0n.gbm.config.RedisClientConfig$$EnhancerBySpringCGLIB$$c8082eaa] is not eligible for getting processed by all BeanPostProcessors (for example: not eligible for auto-proxying)
25-02-05.12:34:12.612 [main            ] INFO  PostProcessorRegistrationDelegate$BeanPostProcessorChecker - Bean 'redis.sdk.config-cn.ant0n.gbm.config.RedisClientConfigProperties' of type [cn.ant0n.gbm.config.RedisClientConfigProperties] is not eligible for getting processed by all BeanPostProcessors (for example: not eligible for auto-proxying)
25-02-05.12:34:12.977 [main            ] INFO  Version                - Redisson 3.23.4
25-02-05.12:34:13.376 [redisson-netty-2-6] INFO  MasterPubSubConnectionPool - 1 connections initialized for 117.72.40.102/117.72.40.102:6379
25-02-05.12:34:14.284 [redisson-netty-2-13] INFO  MasterConnectionPool   - 5 connections initialized for 117.72.40.102/117.72.40.102:6379
25-02-05.12:34:14.311 [main            ] INFO  PostProcessorRegistrationDelegate$BeanPostProcessorChecker - Bean 'redissonClient' of type [org.redisson.Redisson] is not eligible for getting processed by all BeanPostProcessors (for example: not eligible for auto-proxying)
25-02-05.12:34:17.223 [main            ] INFO  EndpointLinksResolver  - Exposing 1 endpoint(s) beneath base path '/actuator'
25-02-05.12:34:18.083 [main            ] INFO  DefaultRocketMQListenerContainer - running container: DefaultRocketMQListenerContainer{consumerGroup='group-buy-consumer-group', nameServer='117.72.40.102:9876', topic='GroupBuyMarketSuccessTopic', consumeMode=CONCURRENTLY, selectorType=TAG, selectorExpression='*', messageModel=CLUSTERING}
25-02-05.12:34:18.084 [main            ] INFO  ListenerContainerConfiguration - Register the listener to container, listenerBeanName:groupBuyMarketSuccessListener, containerBeanName:org.apache.rocketmq.spring.support.DefaultRocketMQListenerContainer_1
25-02-05.12:34:18.100 [main            ] INFO  TradeTest              - Started TradeTest in 7.024 seconds (JVM running for 7.79)
25-02-05.12:34:18.264 [main            ] INFO  TradeSettlementOrderService - 拼团交易-支付结算, userId:yangxiaocan1, outTradeNo:15
25-02-05.12:34:18.286 [main            ] INFO  HikariDataSource       - HikariPool-1 - Starting...
25-02-05.12:34:18.678 [main            ] INFO  HikariDataSource       - HikariPool-1 - Start completed.
25-02-05.12:34:18.795 [main            ] WARN  TradeRepository        - 拼团交易-订单结算异常
java.lang.NullPointerException: null
	at cn.ant0n.gbm.infrastructure.adapter.repository.TradeRepository.lambda$settlementMarketOrder$2(TradeRepository.java:238)
	at org.springframework.transaction.support.TransactionTemplate.execute(TransactionTemplate.java:140)
	at cn.ant0n.gbm.infrastructure.adapter.repository.TradeRepository.settlementMarketOrder(TradeRepository.java:226)
	at cn.ant0n.gbm.infrastructure.adapter.repository.TradeRepository$$FastClassBySpringCGLIB$$4c230d6c.invoke(<generated>)
	at org.springframework.cglib.proxy.MethodProxy.invoke(MethodProxy.java:218)
	at org.springframework.aop.framework.CglibAopProxy$CglibMethodInvocation.invokeJoinpoint(CglibAopProxy.java:793)
	at org.springframework.aop.framework.ReflectiveMethodInvocation.proceed(ReflectiveMethodInvocation.java:163)
	at org.springframework.aop.framework.CglibAopProxy$CglibMethodInvocation.proceed(CglibAopProxy.java:763)
	at org.springframework.dao.support.PersistenceExceptionTranslationInterceptor.invoke(PersistenceExceptionTranslationInterceptor.java:137)
	at org.springframework.aop.framework.ReflectiveMethodInvocation.proceed(ReflectiveMethodInvocation.java:186)
	at org.springframework.aop.framework.CglibAopProxy$CglibMethodInvocation.proceed(CglibAopProxy.java:763)
	at org.springframework.aop.framework.CglibAopProxy$DynamicAdvisedInterceptor.intercept(CglibAopProxy.java:708)
	at cn.ant0n.gbm.infrastructure.adapter.repository.TradeRepository$$EnhancerBySpringCGLIB$$92c77ff1.settlementMarketOrder(<generated>)
	at cn.ant0n.gbm.domain.trade.service.settlement.TradeSettlementOrderService.settlementMarketOrder(TradeSettlementOrderService.java:41)
	at cn.ant0n.gbm.test.domain.trade.TradeTest.test_03(TradeTest.java:60)
	at sun.reflect.NativeMethodAccessorImpl.invoke0(Native Method)
	at sun.reflect.NativeMethodAccessorImpl.invoke(NativeMethodAccessorImpl.java:62)
	at sun.reflect.DelegatingMethodAccessorImpl.invoke(DelegatingMethodAccessorImpl.java:43)
	at java.lang.reflect.Method.invoke(Method.java:498)
	at org.junit.runners.model.FrameworkMethod$1.runReflectiveCall(FrameworkMethod.java:59)
	at org.junit.internal.runners.model.ReflectiveCallable.run(ReflectiveCallable.java:12)
	at org.junit.runners.model.FrameworkMethod.invokeExplosively(FrameworkMethod.java:56)
	at org.junit.internal.runners.statements.InvokeMethod.evaluate(InvokeMethod.java:17)
	at org.springframework.test.context.junit4.statements.RunBeforeTestExecutionCallbacks.evaluate(RunBeforeTestExecutionCallbacks.java:74)
	at org.springframework.test.context.junit4.statements.RunAfterTestExecutionCallbacks.evaluate(RunAfterTestExecutionCallbacks.java:84)
	at org.springframework.test.context.junit4.statements.RunBeforeTestMethodCallbacks.evaluate(RunBeforeTestMethodCallbacks.java:75)
	at org.springframework.test.context.junit4.statements.RunAfterTestMethodCallbacks.evaluate(RunAfterTestMethodCallbacks.java:86)
	at org.springframework.test.context.junit4.statements.SpringRepeat.evaluate(SpringRepeat.java:84)
	at org.junit.runners.ParentRunner.runLeaf(ParentRunner.java:366)
	at org.springframework.test.context.junit4.SpringJUnit4ClassRunner.runChild(SpringJUnit4ClassRunner.java:251)
	at org.springframework.test.context.junit4.SpringJUnit4ClassRunner.runChild(SpringJUnit4ClassRunner.java:97)
	at org.junit.runners.ParentRunner$4.run(ParentRunner.java:331)
	at org.junit.runners.ParentRunner$1.schedule(ParentRunner.java:79)
	at org.junit.runners.ParentRunner.runChildren(ParentRunner.java:329)
	at org.junit.runners.ParentRunner.access$100(ParentRunner.java:66)
	at org.junit.runners.ParentRunner$2.evaluate(ParentRunner.java:293)
	at org.springframework.test.context.junit4.statements.RunBeforeTestClassCallbacks.evaluate(RunBeforeTestClassCallbacks.java:61)
	at org.springframework.test.context.junit4.statements.RunAfterTestClassCallbacks.evaluate(RunAfterTestClassCallbacks.java:70)
	at org.junit.runners.ParentRunner$3.evaluate(ParentRunner.java:306)
	at org.junit.runners.ParentRunner.run(ParentRunner.java:413)
	at org.springframework.test.context.junit4.SpringJUnit4ClassRunner.run(SpringJUnit4ClassRunner.java:190)
	at org.junit.runner.JUnitCore.run(JUnitCore.java:137)
	at com.intellij.junit4.JUnit4IdeaTestRunner.startRunnerWithArgs(JUnit4IdeaTestRunner.java:69)
	at com.intellij.rt.junit.IdeaTestRunner$Repeater$1.execute(IdeaTestRunner.java:38)
	at com.intellij.rt.execution.junit.TestsRepeater.repeat(TestsRepeater.java:11)
	at com.intellij.rt.junit.IdeaTestRunner$Repeater.startRunnerWithArgs(IdeaTestRunner.java:35)
	at com.intellij.rt.junit.JUnitStarter.prepareStreamsAndStart(JUnitStarter.java:232)
	at com.intellij.rt.junit.JUnitStarter.main(JUnitStarter.java:55)
25-02-05.12:34:18.897 [NettyClientSelector_1] INFO  RocketmqRemoting       - closeChannel: close the connection to remote address[117.72.40.102:9876] result: true
25-02-05.12:34:18.898 [NettyClientSelector_1] INFO  RocketmqRemoting       - closeChannel: close the connection to remote address[117.72.40.102:10911] result: true
25-02-05.12:34:18.939 [SpringApplicationShutdownHook] INFO  DefaultRocketMQListenerContainer - container destroyed, DefaultRocketMQListenerContainer{consumerGroup='group-buy-consumer-group', nameServer='117.72.40.102:9876', topic='GroupBuyMarketSuccessTopic', consumeMode=CONCURRENTLY, selectorType=TAG, selectorExpression='*', messageModel=CLUSTERING}
25-02-05.12:34:19.019 [NettyClientSelector_1] INFO  RocketmqRemoting       - closeChannel: close the connection to remote address[117.72.40.102:10911] result: true
25-02-05.12:34:19.020 [NettyClientSelector_1] INFO  RocketmqRemoting       - closeChannel: close the connection to remote address[117.72.40.102:9876] result: true
25-02-05.12:34:19.100 [NettyClientSelector_1] INFO  RocketmqRemoting       - closeChannel: close the connection to remote address[117.72.40.102:9876] result: true
25-02-05.12:34:19.100 [NettyClientSelector_1] INFO  RocketmqRemoting       - closeChannel: close the connection to remote address[117.72.40.102:10911] result: true
25-02-05.12:34:19.102 [SpringApplicationShutdownHook] INFO  HikariDataSource       - HikariPool-1 - Shutdown initiated...
25-02-05.12:34:19.112 [SpringApplicationShutdownHook] INFO  HikariDataSource       - HikariPool-1 - Shutdown completed.
25-02-05.12:34:52.802 [main            ] INFO  TradeTest              - Starting TradeTest using Java 1.8.0_371 on LAPTOP-T7SUU4QG with PID 17380 (started by 杨晓灿 in E:\java_project\GroupBuyMarket\GroupBuyMarket-app)
25-02-05.12:34:52.802 [main            ] INFO  TradeTest              - The following 1 profile is active: "dev"
25-02-05.12:34:52.809 [background-preinit] INFO  Version                - HV000001: Hibernate Validator 6.2.5.Final
25-02-05.12:34:53.466 [main            ] INFO  RepositoryConfigurationDelegate - Multiple Spring Data modules found, entering strict repository configuration mode
25-02-05.12:34:53.468 [main            ] INFO  RepositoryConfigurationDelegate - Bootstrapping Spring Data Redis repositories in DEFAULT mode.
25-02-05.12:34:53.500 [main            ] INFO  RepositoryConfigurationDelegate - Finished Spring Data repository scanning in 23 ms. Found 0 Redis repository interfaces.
25-02-05.12:34:53.982 [main            ] INFO  PostProcessorRegistrationDelegate$BeanPostProcessorChecker - Bean 'redisClientConfig' of type [cn.ant0n.gbm.config.RedisClientConfig$$EnhancerBySpringCGLIB$$7f2cf7f4] is not eligible for getting processed by all BeanPostProcessors (for example: not eligible for auto-proxying)
25-02-05.12:34:53.997 [main            ] INFO  PostProcessorRegistrationDelegate$BeanPostProcessorChecker - Bean 'redis.sdk.config-cn.ant0n.gbm.config.RedisClientConfigProperties' of type [cn.ant0n.gbm.config.RedisClientConfigProperties] is not eligible for getting processed by all BeanPostProcessors (for example: not eligible for auto-proxying)
25-02-05.12:34:54.336 [main            ] INFO  Version                - Redisson 3.23.4
25-02-05.12:34:54.715 [redisson-netty-2-6] INFO  MasterPubSubConnectionPool - 1 connections initialized for 117.72.40.102/117.72.40.102:6379
25-02-05.12:34:56.025 [redisson-netty-2-13] INFO  MasterConnectionPool   - 5 connections initialized for 117.72.40.102/117.72.40.102:6379
25-02-05.12:34:56.052 [main            ] INFO  PostProcessorRegistrationDelegate$BeanPostProcessorChecker - Bean 'redissonClient' of type [org.redisson.Redisson] is not eligible for getting processed by all BeanPostProcessors (for example: not eligible for auto-proxying)
25-02-05.12:34:58.906 [main            ] INFO  EndpointLinksResolver  - Exposing 1 endpoint(s) beneath base path '/actuator'
25-02-05.12:34:59.774 [main            ] INFO  DefaultRocketMQListenerContainer - running container: DefaultRocketMQListenerContainer{consumerGroup='group-buy-consumer-group', nameServer='117.72.40.102:9876', topic='GroupBuyMarketSuccessTopic', consumeMode=CONCURRENTLY, selectorType=TAG, selectorExpression='*', messageModel=CLUSTERING}
25-02-05.12:34:59.775 [main            ] INFO  ListenerContainerConfiguration - Register the listener to container, listenerBeanName:groupBuyMarketSuccessListener, containerBeanName:org.apache.rocketmq.spring.support.DefaultRocketMQListenerContainer_1
25-02-05.12:34:59.793 [main            ] INFO  TradeTest              - Started TradeTest in 7.283 seconds (JVM running for 7.85)
25-02-05.12:34:59.944 [main            ] INFO  TradeSettlementOrderService - 拼团交易-支付结算, userId:yangxiaocan1, outTradeNo:15
25-02-05.12:34:59.964 [main            ] INFO  HikariDataSource       - HikariPool-1 - Starting...
25-02-05.12:35:00.374 [main            ] INFO  HikariDataSource       - HikariPool-1 - Start completed.
25-02-05.12:35:00.521 [NettyClientSelector_1] INFO  RocketmqRemoting       - closeChannel: close the connection to remote address[117.72.40.102:9876] result: true
25-02-05.12:35:00.522 [NettyClientSelector_1] INFO  RocketmqRemoting       - closeChannel: close the connection to remote address[117.72.40.102:10911] result: true
25-02-05.12:35:00.559 [SpringApplicationShutdownHook] INFO  DefaultRocketMQListenerContainer - container destroyed, DefaultRocketMQListenerContainer{consumerGroup='group-buy-consumer-group', nameServer='117.72.40.102:9876', topic='GroupBuyMarketSuccessTopic', consumeMode=CONCURRENTLY, selectorType=TAG, selectorExpression='*', messageModel=CLUSTERING}
25-02-05.12:35:00.645 [NettyClientSelector_1] INFO  RocketmqRemoting       - closeChannel: close the connection to remote address[117.72.40.102:10911] result: true
25-02-05.12:35:00.646 [NettyClientSelector_1] INFO  RocketmqRemoting       - closeChannel: close the connection to remote address[117.72.40.102:9876] result: true
25-02-05.12:35:00.726 [NettyClientSelector_1] INFO  RocketmqRemoting       - closeChannel: close the connection to remote address[117.72.40.102:10911] result: true
25-02-05.12:35:00.727 [NettyClientSelector_1] INFO  RocketmqRemoting       - closeChannel: close the connection to remote address[117.72.40.102:9876] result: true
25-02-05.12:35:00.729 [SpringApplicationShutdownHook] INFO  HikariDataSource       - HikariPool-1 - Shutdown initiated...
25-02-05.12:35:00.737 [SpringApplicationShutdownHook] INFO  HikariDataSource       - HikariPool-1 - Shutdown completed.
25-02-05.12:36:23.510 [main            ] INFO  TradeTest              - Starting TradeTest using Java 1.8.0_371 on LAPTOP-T7SUU4QG with PID 16572 (started by 杨晓灿 in E:\java_project\GroupBuyMarket\GroupBuyMarket-app)
25-02-05.12:36:23.510 [main            ] INFO  TradeTest              - The following 1 profile is active: "dev"
25-02-05.12:36:23.517 [background-preinit] INFO  Version                - HV000001: Hibernate Validator 6.2.5.Final
25-02-05.12:36:24.190 [main            ] INFO  RepositoryConfigurationDelegate - Multiple Spring Data modules found, entering strict repository configuration mode
25-02-05.12:36:24.193 [main            ] INFO  RepositoryConfigurationDelegate - Bootstrapping Spring Data Redis repositories in DEFAULT mode.
25-02-05.12:36:24.219 [main            ] INFO  RepositoryConfigurationDelegate - Finished Spring Data repository scanning in 17 ms. Found 0 Redis repository interfaces.
25-02-05.12:36:24.687 [main            ] INFO  PostProcessorRegistrationDelegate$BeanPostProcessorChecker - Bean 'redisClientConfig' of type [cn.ant0n.gbm.config.RedisClientConfig$$EnhancerBySpringCGLIB$$7f2cf7f4] is not eligible for getting processed by all BeanPostProcessors (for example: not eligible for auto-proxying)
25-02-05.12:36:24.705 [main            ] INFO  PostProcessorRegistrationDelegate$BeanPostProcessorChecker - Bean 'redis.sdk.config-cn.ant0n.gbm.config.RedisClientConfigProperties' of type [cn.ant0n.gbm.config.RedisClientConfigProperties] is not eligible for getting processed by all BeanPostProcessors (for example: not eligible for auto-proxying)
25-02-05.12:36:25.074 [main            ] INFO  Version                - Redisson 3.23.4
25-02-05.12:36:25.474 [redisson-netty-2-6] INFO  MasterPubSubConnectionPool - 1 connections initialized for 117.72.40.102/117.72.40.102:6379
25-02-05.12:36:25.749 [redisson-netty-2-13] INFO  MasterConnectionPool   - 5 connections initialized for 117.72.40.102/117.72.40.102:6379
25-02-05.12:36:25.775 [main            ] INFO  PostProcessorRegistrationDelegate$BeanPostProcessorChecker - Bean 'redissonClient' of type [org.redisson.Redisson] is not eligible for getting processed by all BeanPostProcessors (for example: not eligible for auto-proxying)
25-02-05.12:36:29.236 [main            ] INFO  EndpointLinksResolver  - Exposing 1 endpoint(s) beneath base path '/actuator'
25-02-05.12:36:30.133 [main            ] INFO  DefaultRocketMQListenerContainer - running container: DefaultRocketMQListenerContainer{consumerGroup='group-buy-consumer-group', nameServer='117.72.40.102:9876', topic='GroupBuyMarketSuccessTopic', consumeMode=CONCURRENTLY, selectorType=TAG, selectorExpression='*', messageModel=CLUSTERING}
25-02-05.12:36:30.133 [main            ] INFO  ListenerContainerConfiguration - Register the listener to container, listenerBeanName:groupBuyMarketSuccessListener, containerBeanName:org.apache.rocketmq.spring.support.DefaultRocketMQListenerContainer_1
25-02-05.12:36:30.147 [main            ] INFO  TradeTest              - Started TradeTest in 6.938 seconds (JVM running for 7.524)
25-02-05.12:36:30.293 [main            ] INFO  TradeSettlementOrderService - 拼团交易-支付结算, userId:yangxiaocan2, outTradeNo:16
25-02-05.12:36:30.311 [main            ] INFO  HikariDataSource       - HikariPool-1 - Starting...
25-02-05.12:36:30.717 [main            ] INFO  HikariDataSource       - HikariPool-1 - Start completed.
25-02-05.12:36:31.515 [NettyClientSelector_1] INFO  RocketmqRemoting       - closeChannel: close the connection to remote address[117.72.40.102:9876] result: true
25-02-05.12:36:31.516 [NettyClientSelector_1] INFO  RocketmqRemoting       - closeChannel: close the connection to remote address[117.72.40.102:10911] result: true
25-02-05.12:36:31.553 [SpringApplicationShutdownHook] INFO  DefaultRocketMQListenerContainer - container destroyed, DefaultRocketMQListenerContainer{consumerGroup='group-buy-consumer-group', nameServer='117.72.40.102:9876', topic='GroupBuyMarketSuccessTopic', consumeMode=CONCURRENTLY, selectorType=TAG, selectorExpression='*', messageModel=CLUSTERING}
25-02-05.12:36:31.634 [NettyClientSelector_1] INFO  RocketmqRemoting       - closeChannel: close the connection to remote address[117.72.40.102:9876] result: true
25-02-05.12:36:31.634 [NettyClientSelector_1] INFO  RocketmqRemoting       - closeChannel: close the connection to remote address[117.72.40.102:10911] result: true
25-02-05.12:36:31.710 [SpringApplicationShutdownHook] INFO  HikariDataSource       - HikariPool-1 - Shutdown initiated...
25-02-05.12:36:31.721 [SpringApplicationShutdownHook] INFO  HikariDataSource       - HikariPool-1 - Shutdown completed.
25-02-05.12:36:31.825 [NettyClientSelector_1] INFO  RocketmqRemoting       - closeChannel: close the connection to remote address[117.72.40.102:9876] result: true
25-02-05.12:36:31.825 [NettyClientSelector_1] INFO  RocketmqRemoting       - closeChannel: close the connection to remote address[117.72.40.102:10911] result: true
25-02-05.12:36:53.665 [main            ] INFO  TradeTest              - Starting TradeTest using Java 1.8.0_371 on LAPTOP-T7SUU4QG with PID 28232 (started by 杨晓灿 in E:\java_project\GroupBuyMarket\GroupBuyMarket-app)
25-02-05.12:36:53.666 [main            ] INFO  TradeTest              - The following 1 profile is active: "dev"
25-02-05.12:36:53.672 [background-preinit] INFO  Version                - HV000001: Hibernate Validator 6.2.5.Final
25-02-05.12:36:54.312 [main            ] INFO  RepositoryConfigurationDelegate - Multiple Spring Data modules found, entering strict repository configuration mode
25-02-05.12:36:54.314 [main            ] INFO  RepositoryConfigurationDelegate - Bootstrapping Spring Data Redis repositories in DEFAULT mode.
25-02-05.12:36:54.337 [main            ] INFO  RepositoryConfigurationDelegate - Finished Spring Data repository scanning in 15 ms. Found 0 Redis repository interfaces.
25-02-05.12:36:54.761 [main            ] INFO  PostProcessorRegistrationDelegate$BeanPostProcessorChecker - Bean 'redisClientConfig' of type [cn.ant0n.gbm.config.RedisClientConfig$$EnhancerBySpringCGLIB$$4824fe8c] is not eligible for getting processed by all BeanPostProcessors (for example: not eligible for auto-proxying)
25-02-05.12:36:54.776 [main            ] INFO  PostProcessorRegistrationDelegate$BeanPostProcessorChecker - Bean 'redis.sdk.config-cn.ant0n.gbm.config.RedisClientConfigProperties' of type [cn.ant0n.gbm.config.RedisClientConfigProperties] is not eligible for getting processed by all BeanPostProcessors (for example: not eligible for auto-proxying)
25-02-05.12:36:55.116 [main            ] INFO  Version                - Redisson 3.23.4
25-02-05.12:36:55.520 [redisson-netty-2-6] INFO  MasterPubSubConnectionPool - 1 connections initialized for 117.72.40.102/117.72.40.102:6379
25-02-05.12:36:55.877 [redisson-netty-2-13] INFO  MasterConnectionPool   - 5 connections initialized for 117.72.40.102/117.72.40.102:6379
25-02-05.12:36:55.904 [main            ] INFO  PostProcessorRegistrationDelegate$BeanPostProcessorChecker - Bean 'redissonClient' of type [org.redisson.Redisson] is not eligible for getting processed by all BeanPostProcessors (for example: not eligible for auto-proxying)
25-02-05.12:36:58.583 [main            ] INFO  EndpointLinksResolver  - Exposing 1 endpoint(s) beneath base path '/actuator'
25-02-05.12:36:59.753 [main            ] INFO  DefaultRocketMQListenerContainer - running container: DefaultRocketMQListenerContainer{consumerGroup='group-buy-consumer-group', nameServer='117.72.40.102:9876', topic='GroupBuyMarketSuccessTopic', consumeMode=CONCURRENTLY, selectorType=TAG, selectorExpression='*', messageModel=CLUSTERING}
25-02-05.12:36:59.755 [main            ] INFO  ListenerContainerConfiguration - Register the listener to container, listenerBeanName:groupBuyMarketSuccessListener, containerBeanName:org.apache.rocketmq.spring.support.DefaultRocketMQListenerContainer_1
25-02-05.12:36:59.773 [main            ] INFO  TradeTest              - Started TradeTest in 6.377 seconds (JVM running for 6.929)
25-02-05.12:36:59.930 [main            ] INFO  TradeSettlementOrderService - 拼团交易-支付结算, userId:yangxiaocan3, outTradeNo:17
25-02-05.12:36:59.949 [main            ] INFO  HikariDataSource       - HikariPool-1 - Starting...
25-02-05.12:37:00.349 [main            ] INFO  HikariDataSource       - HikariPool-1 - Start completed.
25-02-05.12:37:00.401 [main            ] INFO  TradeRepository        - 拼团交易-团:58839024完成
25-02-05.12:37:00.496 [NettyClientSelector_1] INFO  RocketmqRemoting       - closeChannel: close the connection to remote address[117.72.40.102:9876] result: true
25-02-05.12:37:00.497 [NettyClientSelector_1] INFO  RocketmqRemoting       - closeChannel: close the connection to remote address[117.72.40.102:10911] result: true
25-02-05.12:37:00.533 [SpringApplicationShutdownHook] INFO  DefaultRocketMQListenerContainer - container destroyed, DefaultRocketMQListenerContainer{consumerGroup='group-buy-consumer-group', nameServer='117.72.40.102:9876', topic='GroupBuyMarketSuccessTopic', consumeMode=CONCURRENTLY, selectorType=TAG, selectorExpression='*', messageModel=CLUSTERING}
25-02-05.12:37:00.616 [NettyClientSelector_1] INFO  RocketmqRemoting       - closeChannel: close the connection to remote address[117.72.40.102:9876] result: true
25-02-05.12:37:00.617 [NettyClientSelector_1] INFO  RocketmqRemoting       - closeChannel: close the connection to remote address[117.72.40.102:10911] result: true
25-02-05.12:37:00.698 [SpringApplicationShutdownHook] INFO  HikariDataSource       - HikariPool-1 - Shutdown initiated...
25-02-05.12:37:00.711 [SpringApplicationShutdownHook] INFO  HikariDataSource       - HikariPool-1 - Shutdown completed.
25-02-05.16:14:42.206 [main            ] INFO  TradeTest              - Starting TradeTest using Java 1.8.0_371 on LAPTOP-T7SUU4QG with PID 4088 (started by 杨晓灿 in E:\java_project\GroupBuyMarket\GroupBuyMarket-app)
25-02-05.16:14:42.206 [main            ] INFO  TradeTest              - The following 1 profile is active: "dev"
25-02-05.16:14:42.212 [background-preinit] INFO  Version                - HV000001: Hibernate Validator 6.2.5.Final
25-02-05.16:14:42.886 [main            ] INFO  RepositoryConfigurationDelegate - Multiple Spring Data modules found, entering strict repository configuration mode
25-02-05.16:14:42.888 [main            ] INFO  RepositoryConfigurationDelegate - Bootstrapping Spring Data Redis repositories in DEFAULT mode.
25-02-05.16:14:42.925 [main            ] INFO  RepositoryConfigurationDelegate - Finished Spring Data repository scanning in 16 ms. Found 0 Redis repository interfaces.
25-02-05.16:14:43.432 [main            ] INFO  PostProcessorRegistrationDelegate$BeanPostProcessorChecker - Bean 'redisClientConfig' of type [cn.ant0n.gbm.config.RedisClientConfig$$EnhancerBySpringCGLIB$$94497fc2] is not eligible for getting processed by all BeanPostProcessors (for example: not eligible for auto-proxying)
25-02-05.16:14:43.447 [main            ] INFO  PostProcessorRegistrationDelegate$BeanPostProcessorChecker - Bean 'redis.sdk.config-cn.ant0n.gbm.config.RedisClientConfigProperties' of type [cn.ant0n.gbm.config.RedisClientConfigProperties] is not eligible for getting processed by all BeanPostProcessors (for example: not eligible for auto-proxying)
25-02-05.16:14:43.815 [main            ] INFO  Version                - Redisson 3.23.4
25-02-05.16:14:44.242 [redisson-netty-2-6] INFO  MasterPubSubConnectionPool - 1 connections initialized for 117.72.40.102/117.72.40.102:6379
25-02-05.16:14:44.550 [redisson-netty-2-13] INFO  MasterConnectionPool   - 5 connections initialized for 117.72.40.102/117.72.40.102:6379
25-02-05.16:14:44.598 [main            ] INFO  PostProcessorRegistrationDelegate$BeanPostProcessorChecker - Bean 'redissonClient' of type [org.redisson.Redisson] is not eligible for getting processed by all BeanPostProcessors (for example: not eligible for auto-proxying)
25-02-05.16:14:47.661 [main            ] INFO  EndpointLinksResolver  - Exposing 1 endpoint(s) beneath base path '/actuator'
25-02-05.16:14:48.522 [main            ] INFO  DefaultRocketMQListenerContainer - running container: DefaultRocketMQListenerContainer{consumerGroup='group-buy-consumer-group', nameServer='117.72.40.102:9876', topic='GroupBuyMarketSuccessTopic', consumeMode=CONCURRENTLY, selectorType=TAG, selectorExpression='*', messageModel=CLUSTERING}
25-02-05.16:14:48.522 [main            ] INFO  ListenerContainerConfiguration - Register the listener to container, listenerBeanName:groupBuyMarketSuccessListener, containerBeanName:org.apache.rocketmq.spring.support.DefaultRocketMQListenerContainer_1
25-02-05.16:14:48.539 [main            ] INFO  TradeTest              - Started TradeTest in 6.625 seconds (JVM running for 7.272)
25-02-05.16:14:48.743 [main            ] INFO  TradeSettlementOrderService - 拼团交易-支付结算, userId:yangxiaocan, outTradeNo:21
25-02-05.16:14:48.775 [main            ] INFO  HikariDataSource       - HikariPool-1 - Starting...
25-02-05.16:14:49.255 [main            ] INFO  HikariDataSource       - HikariPool-1 - Start completed.
25-02-05.16:14:49.293 [main            ] INFO  OutTradeValidTimeFilter - 拼团交易-交易时间不在该团有效期内, outTradeNo:21
25-02-05.16:14:49.386 [NettyClientSelector_1] INFO  RocketmqRemoting       - closeChannel: close the connection to remote address[117.72.40.102:9876] result: true
25-02-05.16:14:49.388 [NettyClientSelector_1] INFO  RocketmqRemoting       - closeChannel: close the connection to remote address[117.72.40.102:10911] result: true
25-02-05.16:14:49.426 [SpringApplicationShutdownHook] INFO  DefaultRocketMQListenerContainer - container destroyed, DefaultRocketMQListenerContainer{consumerGroup='group-buy-consumer-group', nameServer='117.72.40.102:9876', topic='GroupBuyMarketSuccessTopic', consumeMode=CONCURRENTLY, selectorType=TAG, selectorExpression='*', messageModel=CLUSTERING}
25-02-05.16:14:49.517 [NettyClientSelector_1] INFO  RocketmqRemoting       - closeChannel: close the connection to remote address[117.72.40.102:10911] result: true
25-02-05.16:14:49.517 [NettyClientSelector_1] INFO  RocketmqRemoting       - closeChannel: close the connection to remote address[117.72.40.102:9876] result: true
25-02-05.16:14:49.592 [NettyClientSelector_1] INFO  RocketmqRemoting       - closeChannel: close the connection to remote address[117.72.40.102:9876] result: true
25-02-05.16:14:49.592 [NettyClientSelector_1] INFO  RocketmqRemoting       - closeChannel: close the connection to remote address[117.72.40.102:10911] result: true
25-02-05.16:14:49.593 [SpringApplicationShutdownHook] INFO  HikariDataSource       - HikariPool-1 - Shutdown initiated...
25-02-05.16:14:49.603 [SpringApplicationShutdownHook] INFO  HikariDataSource       - HikariPool-1 - Shutdown completed.
25-02-05.16:15:12.960 [main            ] INFO  TradeTest              - Starting TradeTest using Java 1.8.0_371 on LAPTOP-T7SUU4QG with PID 18096 (started by 杨晓灿 in E:\java_project\GroupBuyMarket\GroupBuyMarket-app)
25-02-05.16:15:12.961 [main            ] INFO  TradeTest              - The following 1 profile is active: "dev"
25-02-05.16:15:12.968 [background-preinit] INFO  Version                - HV000001: Hibernate Validator 6.2.5.Final
25-02-05.16:15:13.617 [main            ] INFO  RepositoryConfigurationDelegate - Multiple Spring Data modules found, entering strict repository configuration mode
25-02-05.16:15:13.619 [main            ] INFO  RepositoryConfigurationDelegate - Bootstrapping Spring Data Redis repositories in DEFAULT mode.
25-02-05.16:15:13.645 [main            ] INFO  RepositoryConfigurationDelegate - Finished Spring Data repository scanning in 16 ms. Found 0 Redis repository interfaces.
25-02-05.16:15:14.069 [main            ] INFO  PostProcessorRegistrationDelegate$BeanPostProcessorChecker - Bean 'redisClientConfig' of type [cn.ant0n.gbm.config.RedisClientConfig$$EnhancerBySpringCGLIB$$94497fc2] is not eligible for getting processed by all BeanPostProcessors (for example: not eligible for auto-proxying)
25-02-05.16:15:14.084 [main            ] INFO  PostProcessorRegistrationDelegate$BeanPostProcessorChecker - Bean 'redis.sdk.config-cn.ant0n.gbm.config.RedisClientConfigProperties' of type [cn.ant0n.gbm.config.RedisClientConfigProperties] is not eligible for getting processed by all BeanPostProcessors (for example: not eligible for auto-proxying)
25-02-05.16:15:14.425 [main            ] INFO  Version                - Redisson 3.23.4
25-02-05.16:15:14.811 [redisson-netty-2-6] INFO  MasterPubSubConnectionPool - 1 connections initialized for 117.72.40.102/117.72.40.102:6379
25-02-05.16:15:15.104 [redisson-netty-2-13] INFO  MasterConnectionPool   - 5 connections initialized for 117.72.40.102/117.72.40.102:6379
25-02-05.16:15:15.129 [main            ] INFO  PostProcessorRegistrationDelegate$BeanPostProcessorChecker - Bean 'redissonClient' of type [org.redisson.Redisson] is not eligible for getting processed by all BeanPostProcessors (for example: not eligible for auto-proxying)
25-02-05.16:15:18.010 [main            ] INFO  EndpointLinksResolver  - Exposing 1 endpoint(s) beneath base path '/actuator'
25-02-05.16:15:18.859 [main            ] INFO  DefaultRocketMQListenerContainer - running container: DefaultRocketMQListenerContainer{consumerGroup='group-buy-consumer-group', nameServer='117.72.40.102:9876', topic='GroupBuyMarketSuccessTopic', consumeMode=CONCURRENTLY, selectorType=TAG, selectorExpression='*', messageModel=CLUSTERING}
25-02-05.16:15:18.860 [main            ] INFO  ListenerContainerConfiguration - Register the listener to container, listenerBeanName:groupBuyMarketSuccessListener, containerBeanName:org.apache.rocketmq.spring.support.DefaultRocketMQListenerContainer_1
25-02-05.16:15:18.878 [main            ] INFO  TradeTest              - Started TradeTest in 6.175 seconds (JVM running for 6.734)
25-02-05.16:15:19.038 [main            ] INFO  TradeSettlementOrderService - 拼团交易-支付结算, userId:yangxiaocan, outTradeNo:21
25-02-05.16:15:19.058 [main            ] INFO  HikariDataSource       - HikariPool-1 - Starting...
25-02-05.16:15:19.432 [main            ] INFO  HikariDataSource       - HikariPool-1 - Start completed.
25-02-05.16:15:19.583 [NettyClientSelector_1] INFO  RocketmqRemoting       - closeChannel: close the connection to remote address[117.72.40.102:9876] result: true
25-02-05.16:15:19.584 [NettyClientSelector_1] INFO  RocketmqRemoting       - closeChannel: close the connection to remote address[117.72.40.102:10911] result: true
25-02-05.16:15:19.623 [SpringApplicationShutdownHook] INFO  DefaultRocketMQListenerContainer - container destroyed, DefaultRocketMQListenerContainer{consumerGroup='group-buy-consumer-group', nameServer='117.72.40.102:9876', topic='GroupBuyMarketSuccessTopic', consumeMode=CONCURRENTLY, selectorType=TAG, selectorExpression='*', messageModel=CLUSTERING}
25-02-05.16:15:19.709 [NettyClientSelector_1] INFO  RocketmqRemoting       - closeChannel: close the connection to remote address[117.72.40.102:9876] result: true
25-02-05.16:15:19.710 [NettyClientSelector_1] INFO  RocketmqRemoting       - closeChannel: close the connection to remote address[117.72.40.102:10911] result: true
25-02-05.16:15:19.794 [SpringApplicationShutdownHook] INFO  HikariDataSource       - HikariPool-1 - Shutdown initiated...
25-02-05.16:15:19.803 [SpringApplicationShutdownHook] INFO  HikariDataSource       - HikariPool-1 - Shutdown completed.
