25-01-31.12:29:34.480 [main            ] INFO  ActivityTest           - Starting ActivityTest using Java 1.8.0_371 on LAPTOP-T7SUU4QG with PID 20180 (started by 杨晓灿 in E:\java_project\GroupBuyMarket\GroupBuyMarket-app)
25-01-31.12:29:34.480 [main            ] INFO  ActivityTest           - The following 1 profile is active: "dev"
25-01-31.12:29:35.200 [main            ] INFO  RepositoryConfigurationDelegate - Multiple Spring Data modules found, entering strict repository configuration mode
25-01-31.12:29:35.200 [main            ] INFO  RepositoryConfigurationDelegate - Bootstrapping Spring Data Redis repositories in DEFAULT mode.
25-01-31.12:29:35.231 [main            ] INFO  RepositoryConfigurationDelegate - Finished Spring Data repository scanning in 16 ms. Found 0 Redis repository interfaces.
25-01-31.12:29:35.748 [main            ] INFO  PostProcessorRegistrationDelegate$BeanPostProcessorChecker - Bean 'redisClientConfig' of type [cn.ant0n.gbm.config.RedisClientConfig$$EnhancerBySpringCGLIB$$72f1085a] is not eligible for getting processed by all BeanPostProcessors (for example: not eligible for auto-proxying)
25-01-31.12:29:35.764 [main            ] INFO  PostProcessorRegistrationDelegate$BeanPostProcessorChecker - Bean 'redis.sdk.config-cn.ant0n.gbm.config.RedisClientConfigProperties' of type [cn.ant0n.gbm.config.RedisClientConfigProperties] is not eligible for getting processed by all BeanPostProcessors (for example: not eligible for auto-proxying)
25-01-31.12:29:36.236 [main            ] INFO  Version                - Redisson 3.23.4
25-01-31.12:29:36.643 [redisson-netty-2-6] INFO  MasterPubSubConnectionPool - 1 connections initialized for 117.72.40.102/117.72.40.102:6379
25-01-31.12:29:36.943 [redisson-netty-2-13] INFO  MasterConnectionPool   - 5 connections initialized for 117.72.40.102/117.72.40.102:6379
25-01-31.12:29:36.990 [main            ] INFO  PostProcessorRegistrationDelegate$BeanPostProcessorChecker - Bean 'redissonClient' of type [org.redisson.Redisson] is not eligible for getting processed by all BeanPostProcessors (for example: not eligible for auto-proxying)
25-01-31.12:29:38.609 [main            ] INFO  EndpointLinksResolver  - Exposing 1 endpoint(s) beneath base path '/actuator'
25-01-31.12:29:38.656 [main            ] INFO  ActivityTest           - Started ActivityTest in 4.489 seconds (JVM running for 5.256)
25-01-31.12:29:38.849 [main            ] INFO  RootNode               - ROOT节点
25-01-31.12:29:38.849 [main            ] INFO  SwitchNode             - SWITCH节点
25-01-31.12:29:38.849 [main            ] INFO  SwitchNode             - 拼团系统-活动正常,未降级
25-01-31.12:29:38.849 [main            ] INFO  SwitchNode             - 拼团系统-该用户:yangxiaocan,被切量限制
25-01-31.12:29:38.849 [main            ] WARN  IndexGroupBuyMarketService - 拼团系统-折扣试算异常
cn.ant0n.gbm.types.exception.AppException: null
	at cn.ant0n.gbm.domain.activity.service.trial.node.SwitchNode.doApply(SwitchNode.java:48)
	at cn.ant0n.gbm.domain.activity.service.trial.node.SwitchNode.doApply(SwitchNode.java:18)
	at cn.ant0n.gbm.types.design.framework.tree.AbstractMultiThreadStrategyRouter.apply(AbstractMultiThreadStrategyRouter.java:29)
	at cn.ant0n.gbm.types.design.framework.tree.AbstractMultiThreadStrategyRouter.router(AbstractMultiThreadStrategyRouter.java:39)
	at cn.ant0n.gbm.domain.activity.service.trial.node.RootNode.doApply(RootNode.java:26)
	at cn.ant0n.gbm.domain.activity.service.trial.node.RootNode.doApply(RootNode.java:16)
	at cn.ant0n.gbm.types.design.framework.tree.AbstractMultiThreadStrategyRouter.apply(AbstractMultiThreadStrategyRouter.java:29)
	at cn.ant0n.gbm.domain.activity.service.trial.factory.DefaultActivityStrategyFactory.apply(DefaultActivityStrategyFactory.java:27)
	at cn.ant0n.gbm.domain.activity.service.IndexGroupBuyMarketService.indexMarketTrial(IndexGroupBuyMarketService.java:25)
	at cn.ant0n.gbm.test.domain.activity.ActivityTest.test_rule_tree(ActivityTest.java:34)
	at sun.reflect.NativeMethodAccessorImpl.invoke0(Native Method)
	at sun.reflect.NativeMethodAccessorImpl.invoke(NativeMethodAccessorImpl.java:62)
	at sun.reflect.DelegatingMethodAccessorImpl.invoke(DelegatingMethodAccessorImpl.java:43)
	at java.lang.reflect.Method.invoke(Method.java:498)
	at org.junit.runners.model.FrameworkMethod$1.runReflectiveCall(FrameworkMethod.java:59)
	at org.junit.internal.runners.model.ReflectiveCallable.run(ReflectiveCallable.java:12)
	at org.junit.runners.model.FrameworkMethod.invokeExplosively(FrameworkMethod.java:56)
	at org.junit.internal.runners.statements.InvokeMethod.evaluate(InvokeMethod.java:17)
	at org.springframework.test.context.junit4.statements.RunBeforeTestExecutionCallbacks.evaluate(RunBeforeTestExecutionCallbacks.java:74)
	at org.springframework.test.context.junit4.statements.RunAfterTestExecutionCallbacks.evaluate(RunAfterTestExecutionCallbacks.java:84)
	at org.springframework.test.context.junit4.statements.RunBeforeTestMethodCallbacks.evaluate(RunBeforeTestMethodCallbacks.java:75)
	at org.springframework.test.context.junit4.statements.RunAfterTestMethodCallbacks.evaluate(RunAfterTestMethodCallbacks.java:86)
	at org.springframework.test.context.junit4.statements.SpringRepeat.evaluate(SpringRepeat.java:84)
	at org.junit.runners.ParentRunner.runLeaf(ParentRunner.java:366)
	at org.springframework.test.context.junit4.SpringJUnit4ClassRunner.runChild(SpringJUnit4ClassRunner.java:251)
	at org.springframework.test.context.junit4.SpringJUnit4ClassRunner.runChild(SpringJUnit4ClassRunner.java:97)
	at org.junit.runners.ParentRunner$4.run(ParentRunner.java:331)
	at org.junit.runners.ParentRunner$1.schedule(ParentRunner.java:79)
	at org.junit.runners.ParentRunner.runChildren(ParentRunner.java:329)
	at org.junit.runners.ParentRunner.access$100(ParentRunner.java:66)
	at org.junit.runners.ParentRunner$2.evaluate(ParentRunner.java:293)
	at org.springframework.test.context.junit4.statements.RunBeforeTestClassCallbacks.evaluate(RunBeforeTestClassCallbacks.java:61)
	at org.springframework.test.context.junit4.statements.RunAfterTestClassCallbacks.evaluate(RunAfterTestClassCallbacks.java:70)
	at org.junit.runners.ParentRunner$3.evaluate(ParentRunner.java:306)
	at org.junit.runners.ParentRunner.run(ParentRunner.java:413)
	at org.springframework.test.context.junit4.SpringJUnit4ClassRunner.run(SpringJUnit4ClassRunner.java:190)
	at org.junit.runner.JUnitCore.run(JUnitCore.java:137)
	at com.intellij.junit4.JUnit4IdeaTestRunner.startRunnerWithArgs(JUnit4IdeaTestRunner.java:69)
	at com.intellij.rt.junit.IdeaTestRunner$Repeater$1.execute(IdeaTestRunner.java:38)
	at com.intellij.rt.execution.junit.TestsRepeater.repeat(TestsRepeater.java:11)
	at com.intellij.rt.junit.IdeaTestRunner$Repeater.startRunnerWithArgs(IdeaTestRunner.java:35)
	at com.intellij.rt.junit.JUnitStarter.prepareStreamsAndStart(JUnitStarter.java:232)
	at com.intellij.rt.junit.JUnitStarter.main(JUnitStarter.java:55)
25-01-31.12:30:17.509 [main            ] INFO  ActivityTest           - Starting ActivityTest using Java 1.8.0_371 on LAPTOP-T7SUU4QG with PID 7044 (started by 杨晓灿 in E:\java_project\GroupBuyMarket\GroupBuyMarket-app)
25-01-31.12:30:17.509 [main            ] INFO  ActivityTest           - The following 1 profile is active: "dev"
25-01-31.12:30:18.145 [main            ] INFO  RepositoryConfigurationDelegate - Multiple Spring Data modules found, entering strict repository configuration mode
25-01-31.12:30:18.145 [main            ] INFO  RepositoryConfigurationDelegate - Bootstrapping Spring Data Redis repositories in DEFAULT mode.
25-01-31.12:30:18.161 [main            ] INFO  RepositoryConfigurationDelegate - Finished Spring Data repository scanning in 15 ms. Found 0 Redis repository interfaces.
25-01-31.12:30:18.630 [main            ] INFO  PostProcessorRegistrationDelegate$BeanPostProcessorChecker - Bean 'redisClientConfig' of type [cn.ant0n.gbm.config.RedisClientConfig$$EnhancerBySpringCGLIB$$92679086] is not eligible for getting processed by all BeanPostProcessors (for example: not eligible for auto-proxying)
25-01-31.12:30:18.654 [main            ] INFO  PostProcessorRegistrationDelegate$BeanPostProcessorChecker - Bean 'redis.sdk.config-cn.ant0n.gbm.config.RedisClientConfigProperties' of type [cn.ant0n.gbm.config.RedisClientConfigProperties] is not eligible for getting processed by all BeanPostProcessors (for example: not eligible for auto-proxying)
25-01-31.12:30:18.987 [main            ] INFO  Version                - Redisson 3.23.4
25-01-31.12:30:19.380 [redisson-netty-2-6] INFO  MasterPubSubConnectionPool - 1 connections initialized for 117.72.40.102/117.72.40.102:6379
25-01-31.12:30:19.663 [redisson-netty-2-13] INFO  MasterConnectionPool   - 5 connections initialized for 117.72.40.102/117.72.40.102:6379
25-01-31.12:30:19.679 [main            ] INFO  PostProcessorRegistrationDelegate$BeanPostProcessorChecker - Bean 'redissonClient' of type [org.redisson.Redisson] is not eligible for getting processed by all BeanPostProcessors (for example: not eligible for auto-proxying)
25-01-31.12:30:21.590 [main            ] INFO  EndpointLinksResolver  - Exposing 1 endpoint(s) beneath base path '/actuator'
25-01-31.12:30:21.622 [main            ] INFO  ActivityTest           - Started ActivityTest in 4.431 seconds (JVM running for 5.396)
25-01-31.12:30:21.795 [main            ] INFO  RootNode               - ROOT节点
25-01-31.12:30:21.795 [main            ] INFO  SwitchNode             - SWITCH节点
25-01-31.12:30:21.795 [main            ] INFO  SwitchNode             - 拼团系统-活动正常,未降级
25-01-31.12:30:38.335 [main            ] INFO  SwitchNode             - 拼团系统-该用户:yangxiaocan,被切量限制
25-01-31.12:30:38.338 [main            ] WARN  IndexGroupBuyMarketService - 拼团系统-折扣试算异常
cn.ant0n.gbm.types.exception.AppException: null
	at cn.ant0n.gbm.domain.activity.service.trial.node.SwitchNode.doApply(SwitchNode.java:48)
	at cn.ant0n.gbm.domain.activity.service.trial.node.SwitchNode.doApply(SwitchNode.java:18)
	at cn.ant0n.gbm.types.design.framework.tree.AbstractMultiThreadStrategyRouter.apply(AbstractMultiThreadStrategyRouter.java:29)
	at cn.ant0n.gbm.types.design.framework.tree.AbstractMultiThreadStrategyRouter.router(AbstractMultiThreadStrategyRouter.java:39)
	at cn.ant0n.gbm.domain.activity.service.trial.node.RootNode.doApply(RootNode.java:26)
	at cn.ant0n.gbm.domain.activity.service.trial.node.RootNode.doApply(RootNode.java:16)
	at cn.ant0n.gbm.types.design.framework.tree.AbstractMultiThreadStrategyRouter.apply(AbstractMultiThreadStrategyRouter.java:29)
	at cn.ant0n.gbm.domain.activity.service.trial.factory.DefaultActivityStrategyFactory.apply(DefaultActivityStrategyFactory.java:27)
	at cn.ant0n.gbm.domain.activity.service.IndexGroupBuyMarketService.indexMarketTrial(IndexGroupBuyMarketService.java:25)
	at cn.ant0n.gbm.test.domain.activity.ActivityTest.test_rule_tree(ActivityTest.java:34)
	at sun.reflect.NativeMethodAccessorImpl.invoke0(Native Method)
	at sun.reflect.NativeMethodAccessorImpl.invoke(NativeMethodAccessorImpl.java:62)
	at sun.reflect.DelegatingMethodAccessorImpl.invoke(DelegatingMethodAccessorImpl.java:43)
	at java.lang.reflect.Method.invoke(Method.java:498)
	at org.junit.runners.model.FrameworkMethod$1.runReflectiveCall(FrameworkMethod.java:59)
	at org.junit.internal.runners.model.ReflectiveCallable.run(ReflectiveCallable.java:12)
	at org.junit.runners.model.FrameworkMethod.invokeExplosively(FrameworkMethod.java:56)
	at org.junit.internal.runners.statements.InvokeMethod.evaluate(InvokeMethod.java:17)
	at org.springframework.test.context.junit4.statements.RunBeforeTestExecutionCallbacks.evaluate(RunBeforeTestExecutionCallbacks.java:74)
	at org.springframework.test.context.junit4.statements.RunAfterTestExecutionCallbacks.evaluate(RunAfterTestExecutionCallbacks.java:84)
	at org.springframework.test.context.junit4.statements.RunBeforeTestMethodCallbacks.evaluate(RunBeforeTestMethodCallbacks.java:75)
	at org.springframework.test.context.junit4.statements.RunAfterTestMethodCallbacks.evaluate(RunAfterTestMethodCallbacks.java:86)
	at org.springframework.test.context.junit4.statements.SpringRepeat.evaluate(SpringRepeat.java:84)
	at org.junit.runners.ParentRunner.runLeaf(ParentRunner.java:366)
	at org.springframework.test.context.junit4.SpringJUnit4ClassRunner.runChild(SpringJUnit4ClassRunner.java:251)
	at org.springframework.test.context.junit4.SpringJUnit4ClassRunner.runChild(SpringJUnit4ClassRunner.java:97)
	at org.junit.runners.ParentRunner$4.run(ParentRunner.java:331)
	at org.junit.runners.ParentRunner$1.schedule(ParentRunner.java:79)
	at org.junit.runners.ParentRunner.runChildren(ParentRunner.java:329)
	at org.junit.runners.ParentRunner.access$100(ParentRunner.java:66)
	at org.junit.runners.ParentRunner$2.evaluate(ParentRunner.java:293)
	at org.springframework.test.context.junit4.statements.RunBeforeTestClassCallbacks.evaluate(RunBeforeTestClassCallbacks.java:61)
	at org.springframework.test.context.junit4.statements.RunAfterTestClassCallbacks.evaluate(RunAfterTestClassCallbacks.java:70)
	at org.junit.runners.ParentRunner$3.evaluate(ParentRunner.java:306)
	at org.junit.runners.ParentRunner.run(ParentRunner.java:413)
	at org.springframework.test.context.junit4.SpringJUnit4ClassRunner.run(SpringJUnit4ClassRunner.java:190)
	at org.junit.runner.JUnitCore.run(JUnitCore.java:137)
	at com.intellij.junit4.JUnit4IdeaTestRunner.startRunnerWithArgs(JUnit4IdeaTestRunner.java:69)
	at com.intellij.rt.junit.IdeaTestRunner$Repeater$1.execute(IdeaTestRunner.java:38)
	at com.intellij.rt.execution.junit.TestsRepeater.repeat(TestsRepeater.java:11)
	at com.intellij.rt.junit.IdeaTestRunner$Repeater.startRunnerWithArgs(IdeaTestRunner.java:35)
	at com.intellij.rt.junit.JUnitStarter.prepareStreamsAndStart(JUnitStarter.java:232)
	at com.intellij.rt.junit.JUnitStarter.main(JUnitStarter.java:55)
